[02:21:12][INFO ](AbstractApplicationContext.java:862)-Closing WebApplicationContext for namespace 'appServlet-servlet': startup date [Wed Jul 13 15:58:23 KST 2022]; parent: Root WebApplicationContext
[02:21:12][INFO ](TilesAccess.java:108)-Removing TilesContext for context: org.springframework.web.servlet.view.tiles2.SpringWildcardServletTilesApplicationContext
[02:21:12][INFO ](AbstractApplicationContext.java:862)-Closing Root WebApplicationContext: startup date [Wed Jul 13 15:58:22 KST 2022]; root of context hierarchy
[02:21:22][INFO ](ContextLoader.java:285)-Root WebApplicationContext: initialization started
[02:21:23][INFO ](AbstractApplicationContext.java:510)-Refreshing Root WebApplicationContext: startup date [Thu Jul 14 02:21:23 KST 2022]; root of context hierarchy
[02:21:23][INFO ](XmlBeanDefinitionReader.java:317)-Loading XML bean definitions from ServletContext resource [/WEB-INF/spring/action-mybatis.xml]
[02:21:23][INFO ](XmlBeanDefinitionReader.java:317)-Loading XML bean definitions from ServletContext resource [/WEB-INF/spring/message-context.xml]
[02:21:23][INFO ](XmlBeanDefinitionReader.java:317)-Loading XML bean definitions from ServletContext resource [/WEB-INF/spring/root-context.xml]
[02:21:23][INFO ](PropertiesLoaderSupport.java:172)-Loading properties file from ServletContext resource [/WEB-INF/config/jdbc/jdbc.properties]
[02:21:23][DEBUG](UiApplicationContextUtils.java:85)-Unable to locate ThemeSource with name 'themeSource': using default [org.springframework.ui.context.support.ResourceBundleThemeSource@9b8d3db]
[02:21:23][DEBUG](LogFactory.java:109)-Logging initialized using 'class org.apache.ibatis.logging.slf4j.Slf4jImpl' adapter.
[02:21:23][DEBUG](PooledDataSource.java:363)-PooledDataSource forcefully closed/removed all connections.
[02:21:23][DEBUG](PooledDataSource.java:363)-PooledDataSource forcefully closed/removed all connections.
[02:21:24][DEBUG](PooledDataSource.java:363)-PooledDataSource forcefully closed/removed all connections.
[02:21:24][DEBUG](PooledDataSource.java:363)-PooledDataSource forcefully closed/removed all connections.
[02:21:24][DEBUG](Logger.java:49)-Parsed configuration file: 'class path resource [mybatis/model/modelConfig.xml]'
[02:21:24][DEBUG](Logger.java:49)-Parsed mapper file: 'file [C:\workspace-spring\.metadata\.plugins\org.eclipse.wst.server.core\tmp0\wtpwebapps\ezen09_Log4j_Tiles (4) (1)\WEB-INF\classes\mybatis\mappers\member.xml]'
[02:21:24][DEBUG](JndiTemplate.java:150)-Looking up JNDI object with name [java:comp/env/spring.liveBeansView.mbeanDomain]
[02:21:24][DEBUG](JndiLocatorSupport.java:101)-Converted JNDI name [java:comp/env/spring.liveBeansView.mbeanDomain] not found - trying original name [spring.liveBeansView.mbeanDomain]. javax.naming.NameNotFoundException: Name [spring.liveBeansView.mbeanDomain]은(는) 이 컨텍스트에 바인딩되지 않았습니다. [spring.liveBeansView.mbeanDomain]을(를) 찾을 수 없습니다.
[02:21:24][DEBUG](JndiTemplate.java:150)-Looking up JNDI object with name [spring.liveBeansView.mbeanDomain]
[02:21:24][DEBUG](JndiPropertySource.java:90)-JNDI lookup for name [spring.liveBeansView.mbeanDomain] threw NamingException with message: Name [spring.liveBeansView.mbeanDomain]은(는) 이 컨텍스트에 바인딩되지 않았습니다. [spring.liveBeansView.mbeanDomain]을(를) 찾을 수 없습니다.. Returning null.
[02:21:24][INFO ](ContextLoader.java:325)-Root WebApplicationContext: initialization completed in 1594 ms
[02:21:24][INFO ](FrameworkServlet.java:484)-FrameworkServlet 'appServlet': initialization started
[02:21:24][DEBUG](JndiTemplate.java:150)-Looking up JNDI object with name [java:comp/env/spring.profiles.active]
[02:21:24][DEBUG](JndiLocatorSupport.java:101)-Converted JNDI name [java:comp/env/spring.profiles.active] not found - trying original name [spring.profiles.active]. javax.naming.NameNotFoundException: Name [spring.profiles.active]은(는) 이 컨텍스트에 바인딩되지 않았습니다. [spring.profiles.active]을(를) 찾을 수 없습니다.
[02:21:24][DEBUG](JndiTemplate.java:150)-Looking up JNDI object with name [spring.profiles.active]
[02:21:24][DEBUG](JndiPropertySource.java:90)-JNDI lookup for name [spring.profiles.active] threw NamingException with message: Name [spring.profiles.active]은(는) 이 컨텍스트에 바인딩되지 않았습니다. [spring.profiles.active]을(를) 찾을 수 없습니다.. Returning null.
[02:21:24][DEBUG](JndiTemplate.java:150)-Looking up JNDI object with name [java:comp/env/spring.profiles.default]
[02:21:24][DEBUG](JndiLocatorSupport.java:101)-Converted JNDI name [java:comp/env/spring.profiles.default] not found - trying original name [spring.profiles.default]. javax.naming.NameNotFoundException: Name [spring.profiles.default]은(는) 이 컨텍스트에 바인딩되지 않았습니다. [spring.profiles.default]을(를) 찾을 수 없습니다.
[02:21:24][DEBUG](JndiTemplate.java:150)-Looking up JNDI object with name [spring.profiles.default]
[02:21:24][DEBUG](JndiPropertySource.java:90)-JNDI lookup for name [spring.profiles.default] threw NamingException with message: Name [spring.profiles.default]은(는) 이 컨텍스트에 바인딩되지 않았습니다. [spring.profiles.default]을(를) 찾을 수 없습니다.. Returning null.
[02:21:24][DEBUG](JndiTemplate.java:150)-Looking up JNDI object with name [java:comp/env/spring.profiles.default]
[02:21:24][DEBUG](JndiLocatorSupport.java:101)-Converted JNDI name [java:comp/env/spring.profiles.default] not found - trying original name [spring.profiles.default]. javax.naming.NameNotFoundException: Name [spring.profiles.default]은(는) 이 컨텍스트에 바인딩되지 않았습니다. [spring.profiles.default]을(를) 찾을 수 없습니다.
[02:21:24][DEBUG](JndiTemplate.java:150)-Looking up JNDI object with name [spring.profiles.default]
[02:21:24][DEBUG](JndiPropertySource.java:90)-JNDI lookup for name [spring.profiles.default] threw NamingException with message: Name [spring.profiles.default]은(는) 이 컨텍스트에 바인딩되지 않았습니다. [spring.profiles.default]을(를) 찾을 수 없습니다.. Returning null.
[02:21:24][INFO ](AbstractApplicationContext.java:510)-Refreshing WebApplicationContext for namespace 'appServlet-servlet': startup date [Thu Jul 14 02:21:24 KST 2022]; parent: Root WebApplicationContext
[02:21:24][INFO ](XmlBeanDefinitionReader.java:317)-Loading XML bean definitions from ServletContext resource [/WEB-INF/spring/appServlet/servlet-context.xml]
[02:21:25][INFO ](AutowiredAnnotationBeanPostProcessor.java:153)-JSR-330 'javax.inject.Inject' annotation found and supported for autowiring
[02:21:25][DEBUG](UiApplicationContextUtils.java:85)-Unable to locate ThemeSource with name 'themeSource': using default [org.springframework.ui.context.support.DelegatingThemeSource@20461e2b]
[02:21:25][DEBUG](ReflectiveAspectJAdvisorFactory.java:221)-Found AspectJ method: public java.lang.Object kr.co.tiles.common.log.LoggingAdvice.timeLog(org.aspectj.lang.ProceedingJoinPoint) throws java.lang.Throwable
[02:21:25][INFO ](AbstractHandlerMethodMapping.java:220)-Mapped "{[/],methods=[GET],params=[],headers=[],consumes=[],produces=[],custom=[]}" onto public java.lang.String kr.co.tiles.HomeController.home(java.util.Locale,org.springframework.ui.Model)
[02:21:25][INFO ](AbstractHandlerMethodMapping.java:220)-Mapped "{[/main.do],methods=[GET],params=[],headers=[],consumes=[],produces=[],custom=[]}" onto public java.lang.String kr.co.tiles.HomeController.tiles(java.util.Locale,org.springframework.ui.Model)
[02:21:25][INFO ](AbstractHandlerMethodMapping.java:220)-Mapped "{[/member/*Form.do],methods=[GET],params=[],headers=[],consumes=[],produces=[],custom=[]}" onto public org.springframework.web.servlet.ModelAndView kr.co.tiles.member.controller.MemberControllerImpl.form(java.lang.String,javax.servlet.http.HttpServletRequest,javax.servlet.http.HttpServletResponse) throws java.lang.Exception
[02:21:25][INFO ](AbstractHandlerMethodMapping.java:220)-Mapped "{[/member/login.do],methods=[POST],params=[],headers=[],consumes=[],produces=[],custom=[]}" onto public org.springframework.web.servlet.ModelAndView kr.co.tiles.member.controller.MemberControllerImpl.login(kr.co.tiles.member.dto.MemberDTO,org.springframework.web.servlet.mvc.support.RedirectAttributes,javax.servlet.http.HttpServletRequest,javax.servlet.http.HttpServletResponse)
[02:21:25][INFO ](AbstractHandlerMethodMapping.java:220)-Mapped "{[/member/logout.do],methods=[GET],params=[],headers=[],consumes=[],produces=[],custom=[]}" onto public org.springframework.web.servlet.ModelAndView kr.co.tiles.member.controller.MemberControllerImpl.logout(javax.servlet.http.HttpServletRequest,javax.servlet.http.HttpServletResponse) throws java.lang.Exception
[02:21:25][INFO ](AbstractHandlerMethodMapping.java:220)-Mapped "{[/member/addMember.do],methods=[POST],params=[],headers=[],consumes=[],produces=[],custom=[]}" onto public org.springframework.web.servlet.ModelAndView kr.co.tiles.member.controller.MemberControllerImpl.addMember(kr.co.tiles.member.dto.MemberDTO,javax.servlet.http.HttpServletRequest,javax.servlet.http.HttpServletResponse) throws java.lang.Exception
[02:21:25][INFO ](AbstractHandlerMethodMapping.java:220)-Mapped "{[/member/removeMember.do],methods=[GET],params=[],headers=[],consumes=[],produces=[],custom=[]}" onto public org.springframework.web.servlet.ModelAndView kr.co.tiles.member.controller.MemberControllerImpl.removeMember(java.lang.String,javax.servlet.http.HttpServletRequest,javax.servlet.http.HttpServletResponse) throws java.lang.Exception
[02:21:25][INFO ](AbstractHandlerMethodMapping.java:220)-Mapped "{[/member/listMembers.do],methods=[GET],params=[],headers=[],consumes=[],produces=[],custom=[]}" onto public org.springframework.web.servlet.ModelAndView kr.co.tiles.member.controller.MemberControllerImpl.listMembers(javax.servlet.http.HttpServletRequest,javax.servlet.http.HttpServletResponse) throws java.lang.Exception
[02:21:26][INFO ](RequestMappingHandlerAdapter.java:523)-Looking for @ControllerAdvice: WebApplicationContext for namespace 'appServlet-servlet': startup date [Thu Jul 14 02:21:24 KST 2022]; parent: Root WebApplicationContext
[02:21:26][INFO ](RequestMappingHandlerAdapter.java:523)-Looking for @ControllerAdvice: WebApplicationContext for namespace 'appServlet-servlet': startup date [Thu Jul 14 02:21:24 KST 2022]; parent: Root WebApplicationContext
[02:21:26][INFO ](AbstractUrlHandlerMapping.java:315)-Mapped URL path [/resources/**] onto handler 'org.springframework.web.servlet.resource.ResourceHttpRequestHandler#0'
[02:21:26][DEBUG](Digester.java:2011)-register('-//Apache Software Foundation//DTD Tiles Configuration 2.0//EN', 'jar:file:/C:/workspace-spring/.metadata/.plugins/org.eclipse.wst.server.core/tmp0/wtpwebapps/ezen09_Log4j_Tiles%20(4)%20(1)/WEB-INF/lib/tiles-core-2.2.2.jar!/org/apache/tiles/resources/tiles-config_2_0.dtd'
[02:21:26][DEBUG](Digester.java:2011)-register('-//Apache Software Foundation//DTD Tiles Configuration 2.1//EN', 'jar:file:/C:/workspace-spring/.metadata/.plugins/org.eclipse.wst.server.core/tmp0/wtpwebapps/ezen09_Log4j_Tiles%20(4)%20(1)/WEB-INF/lib/tiles-core-2.2.2.jar!/org/apache/tiles/resources/tiles-config_2_1.dtd'
[02:21:26][INFO ](TilesAccess.java:113)-Publishing TilesContext for context: org.springframework.web.servlet.view.tiles2.SpringWildcardServletTilesApplicationContext
[02:21:26][DEBUG](MultiActionController.java:316)-Found action method [public org.springframework.web.servlet.ModelAndView kr.co.tiles.member.controller.MemberControllerImpl.logout(javax.servlet.http.HttpServletRequest,javax.servlet.http.HttpServletResponse) throws java.lang.Exception]
[02:21:26][DEBUG](MultiActionController.java:316)-Found action method [public org.springframework.web.servlet.ModelAndView kr.co.tiles.member.controller.MemberControllerImpl.listMembers(javax.servlet.http.HttpServletRequest,javax.servlet.http.HttpServletResponse) throws java.lang.Exception]
[02:21:26][DEBUG](AbstractAutoProxyCreator.java:503)-Creating implicit proxy for bean 'memberDAO' with 0 common interceptors and 2 specific interceptors
[02:21:26][DEBUG](JdkDynamicAopProxy.java:117)-Creating JDK dynamic proxy: target source is SingletonTargetSource for target object [kr.co.tiles.member.dao.MemberDAOImpl@337d97e3]
[02:21:26][DEBUG](AbstractAutoProxyCreator.java:503)-Creating implicit proxy for bean 'memberService' with 0 common interceptors and 2 specific interceptors
[02:21:26][DEBUG](JdkDynamicAopProxy.java:117)-Creating JDK dynamic proxy: target source is SingletonTargetSource for target object [kr.co.tiles.member.service.MemberServiceImpl@4b28d787]
[02:21:26][DEBUG](JndiTemplate.java:150)-Looking up JNDI object with name [java:comp/env/spring.liveBeansView.mbeanDomain]
[02:21:26][DEBUG](JndiLocatorSupport.java:101)-Converted JNDI name [java:comp/env/spring.liveBeansView.mbeanDomain] not found - trying original name [spring.liveBeansView.mbeanDomain]. javax.naming.NameNotFoundException: Name [spring.liveBeansView.mbeanDomain]은(는) 이 컨텍스트에 바인딩되지 않았습니다. [spring.liveBeansView.mbeanDomain]을(를) 찾을 수 없습니다.
[02:21:26][DEBUG](JndiTemplate.java:150)-Looking up JNDI object with name [spring.liveBeansView.mbeanDomain]
[02:21:26][DEBUG](JndiPropertySource.java:90)-JNDI lookup for name [spring.liveBeansView.mbeanDomain] threw NamingException with message: Name [spring.liveBeansView.mbeanDomain]은(는) 이 컨텍스트에 바인딩되지 않았습니다. [spring.liveBeansView.mbeanDomain]을(를) 찾을 수 없습니다.. Returning null.
[02:21:26][INFO ](FrameworkServlet.java:503)-FrameworkServlet 'appServlet': initialization completed in 1928 ms
[02:27:11][INFO ](AbstractApplicationContext.java:862)-Closing WebApplicationContext for namespace 'appServlet-servlet': startup date [Thu Jul 14 02:21:24 KST 2022]; parent: Root WebApplicationContext
[02:27:11][INFO ](TilesAccess.java:108)-Removing TilesContext for context: org.springframework.web.servlet.view.tiles2.SpringWildcardServletTilesApplicationContext
[02:27:11][INFO ](AbstractApplicationContext.java:862)-Closing Root WebApplicationContext: startup date [Thu Jul 14 02:21:23 KST 2022]; root of context hierarchy
[02:27:21][INFO ](ContextLoader.java:285)-Root WebApplicationContext: initialization started
[02:27:21][INFO ](AbstractApplicationContext.java:510)-Refreshing Root WebApplicationContext: startup date [Thu Jul 14 02:27:21 KST 2022]; root of context hierarchy
[02:27:21][INFO ](XmlBeanDefinitionReader.java:317)-Loading XML bean definitions from ServletContext resource [/WEB-INF/spring/action-mybatis.xml]
[02:27:21][INFO ](XmlBeanDefinitionReader.java:317)-Loading XML bean definitions from ServletContext resource [/WEB-INF/spring/message-context.xml]
[02:27:21][INFO ](XmlBeanDefinitionReader.java:317)-Loading XML bean definitions from ServletContext resource [/WEB-INF/spring/root-context.xml]
[02:27:21][INFO ](PropertiesLoaderSupport.java:172)-Loading properties file from ServletContext resource [/WEB-INF/config/jdbc/jdbc.properties]
[02:27:21][DEBUG](UiApplicationContextUtils.java:85)-Unable to locate ThemeSource with name 'themeSource': using default [org.springframework.ui.context.support.ResourceBundleThemeSource@5c10216f]
[02:27:21][DEBUG](LogFactory.java:109)-Logging initialized using 'class org.apache.ibatis.logging.slf4j.Slf4jImpl' adapter.
[02:27:21][DEBUG](PooledDataSource.java:363)-PooledDataSource forcefully closed/removed all connections.
[02:27:21][DEBUG](PooledDataSource.java:363)-PooledDataSource forcefully closed/removed all connections.
[02:27:21][DEBUG](PooledDataSource.java:363)-PooledDataSource forcefully closed/removed all connections.
[02:27:21][DEBUG](PooledDataSource.java:363)-PooledDataSource forcefully closed/removed all connections.
[02:27:22][DEBUG](Logger.java:49)-Parsed configuration file: 'class path resource [mybatis/model/modelConfig.xml]'
[02:27:22][DEBUG](Logger.java:49)-Parsed mapper file: 'file [C:\workspace-spring\.metadata\.plugins\org.eclipse.wst.server.core\tmp0\wtpwebapps\ezen09_Log4j_Tiles (4) (1)\WEB-INF\classes\mybatis\mappers\member.xml]'
[02:27:22][DEBUG](JndiTemplate.java:150)-Looking up JNDI object with name [java:comp/env/spring.liveBeansView.mbeanDomain]
[02:27:22][DEBUG](JndiLocatorSupport.java:101)-Converted JNDI name [java:comp/env/spring.liveBeansView.mbeanDomain] not found - trying original name [spring.liveBeansView.mbeanDomain]. javax.naming.NameNotFoundException: Name [spring.liveBeansView.mbeanDomain]은(는) 이 컨텍스트에 바인딩되지 않았습니다. [spring.liveBeansView.mbeanDomain]을(를) 찾을 수 없습니다.
[02:27:22][DEBUG](JndiTemplate.java:150)-Looking up JNDI object with name [spring.liveBeansView.mbeanDomain]
[02:27:22][DEBUG](JndiPropertySource.java:90)-JNDI lookup for name [spring.liveBeansView.mbeanDomain] threw NamingException with message: Name [spring.liveBeansView.mbeanDomain]은(는) 이 컨텍스트에 바인딩되지 않았습니다. [spring.liveBeansView.mbeanDomain]을(를) 찾을 수 없습니다.. Returning null.
[02:27:22][INFO ](ContextLoader.java:325)-Root WebApplicationContext: initialization completed in 1317 ms
[02:27:22][INFO ](FrameworkServlet.java:484)-FrameworkServlet 'appServlet': initialization started
[02:27:22][DEBUG](JndiTemplate.java:150)-Looking up JNDI object with name [java:comp/env/spring.profiles.active]
[02:27:22][DEBUG](JndiLocatorSupport.java:101)-Converted JNDI name [java:comp/env/spring.profiles.active] not found - trying original name [spring.profiles.active]. javax.naming.NameNotFoundException: Name [spring.profiles.active]은(는) 이 컨텍스트에 바인딩되지 않았습니다. [spring.profiles.active]을(를) 찾을 수 없습니다.
[02:27:22][DEBUG](JndiTemplate.java:150)-Looking up JNDI object with name [spring.profiles.active]
[02:27:22][DEBUG](JndiPropertySource.java:90)-JNDI lookup for name [spring.profiles.active] threw NamingException with message: Name [spring.profiles.active]은(는) 이 컨텍스트에 바인딩되지 않았습니다. [spring.profiles.active]을(를) 찾을 수 없습니다.. Returning null.
[02:27:22][DEBUG](JndiTemplate.java:150)-Looking up JNDI object with name [java:comp/env/spring.profiles.default]
[02:27:22][DEBUG](JndiLocatorSupport.java:101)-Converted JNDI name [java:comp/env/spring.profiles.default] not found - trying original name [spring.profiles.default]. javax.naming.NameNotFoundException: Name [spring.profiles.default]은(는) 이 컨텍스트에 바인딩되지 않았습니다. [spring.profiles.default]을(를) 찾을 수 없습니다.
[02:27:22][DEBUG](JndiTemplate.java:150)-Looking up JNDI object with name [spring.profiles.default]
[02:27:22][DEBUG](JndiPropertySource.java:90)-JNDI lookup for name [spring.profiles.default] threw NamingException with message: Name [spring.profiles.default]은(는) 이 컨텍스트에 바인딩되지 않았습니다. [spring.profiles.default]을(를) 찾을 수 없습니다.. Returning null.
[02:27:22][DEBUG](JndiTemplate.java:150)-Looking up JNDI object with name [java:comp/env/spring.profiles.default]
[02:27:22][DEBUG](JndiLocatorSupport.java:101)-Converted JNDI name [java:comp/env/spring.profiles.default] not found - trying original name [spring.profiles.default]. javax.naming.NameNotFoundException: Name [spring.profiles.default]은(는) 이 컨텍스트에 바인딩되지 않았습니다. [spring.profiles.default]을(를) 찾을 수 없습니다.
[02:27:22][DEBUG](JndiTemplate.java:150)-Looking up JNDI object with name [spring.profiles.default]
[02:27:22][DEBUG](JndiPropertySource.java:90)-JNDI lookup for name [spring.profiles.default] threw NamingException with message: Name [spring.profiles.default]은(는) 이 컨텍스트에 바인딩되지 않았습니다. [spring.profiles.default]을(를) 찾을 수 없습니다.. Returning null.
[02:27:22][INFO ](AbstractApplicationContext.java:510)-Refreshing WebApplicationContext for namespace 'appServlet-servlet': startup date [Thu Jul 14 02:27:22 KST 2022]; parent: Root WebApplicationContext
[02:27:22][INFO ](XmlBeanDefinitionReader.java:317)-Loading XML bean definitions from ServletContext resource [/WEB-INF/spring/appServlet/servlet-context.xml]
[02:27:23][INFO ](AutowiredAnnotationBeanPostProcessor.java:153)-JSR-330 'javax.inject.Inject' annotation found and supported for autowiring
[02:27:23][DEBUG](UiApplicationContextUtils.java:85)-Unable to locate ThemeSource with name 'themeSource': using default [org.springframework.ui.context.support.DelegatingThemeSource@50f71f48]
[02:27:23][DEBUG](ReflectiveAspectJAdvisorFactory.java:221)-Found AspectJ method: public java.lang.Object kr.co.tiles.common.log.LoggingAdvice.timeLog(org.aspectj.lang.ProceedingJoinPoint) throws java.lang.Throwable
[02:27:23][INFO ](AbstractHandlerMethodMapping.java:220)-Mapped "{[/],methods=[GET],params=[],headers=[],consumes=[],produces=[],custom=[]}" onto public java.lang.String kr.co.tiles.HomeController.home(java.util.Locale,org.springframework.ui.Model)
[02:27:23][INFO ](AbstractHandlerMethodMapping.java:220)-Mapped "{[/main.do],methods=[GET],params=[],headers=[],consumes=[],produces=[],custom=[]}" onto public java.lang.String kr.co.tiles.HomeController.tiles(java.util.Locale,org.springframework.ui.Model)
[02:27:23][INFO ](AbstractHandlerMethodMapping.java:220)-Mapped "{[/member/*Form.do],methods=[GET],params=[],headers=[],consumes=[],produces=[],custom=[]}" onto public org.springframework.web.servlet.ModelAndView kr.co.tiles.member.controller.MemberControllerImpl.form(java.lang.String,javax.servlet.http.HttpServletRequest,javax.servlet.http.HttpServletResponse) throws java.lang.Exception
[02:27:23][INFO ](AbstractHandlerMethodMapping.java:220)-Mapped "{[/member/logout.do],methods=[GET],params=[],headers=[],consumes=[],produces=[],custom=[]}" onto public org.springframework.web.servlet.ModelAndView kr.co.tiles.member.controller.MemberControllerImpl.logout(javax.servlet.http.HttpServletRequest,javax.servlet.http.HttpServletResponse) throws java.lang.Exception
[02:27:23][INFO ](AbstractHandlerMethodMapping.java:220)-Mapped "{[/member/login.do],methods=[POST],params=[],headers=[],consumes=[],produces=[],custom=[]}" onto public org.springframework.web.servlet.ModelAndView kr.co.tiles.member.controller.MemberControllerImpl.login(kr.co.tiles.member.dto.MemberDTO,org.springframework.web.servlet.mvc.support.RedirectAttributes,javax.servlet.http.HttpServletRequest,javax.servlet.http.HttpServletResponse)
[02:27:23][INFO ](AbstractHandlerMethodMapping.java:220)-Mapped "{[/member/listMembers.do],methods=[GET],params=[],headers=[],consumes=[],produces=[],custom=[]}" onto public org.springframework.web.servlet.ModelAndView kr.co.tiles.member.controller.MemberControllerImpl.listMembers(javax.servlet.http.HttpServletRequest,javax.servlet.http.HttpServletResponse) throws java.lang.Exception
[02:27:23][INFO ](AbstractHandlerMethodMapping.java:220)-Mapped "{[/member/addMember.do],methods=[POST],params=[],headers=[],consumes=[],produces=[],custom=[]}" onto public org.springframework.web.servlet.ModelAndView kr.co.tiles.member.controller.MemberControllerImpl.addMember(kr.co.tiles.member.dto.MemberDTO,javax.servlet.http.HttpServletRequest,javax.servlet.http.HttpServletResponse) throws java.lang.Exception
[02:27:23][INFO ](AbstractHandlerMethodMapping.java:220)-Mapped "{[/member/removeMember.do],methods=[GET],params=[],headers=[],consumes=[],produces=[],custom=[]}" onto public org.springframework.web.servlet.ModelAndView kr.co.tiles.member.controller.MemberControllerImpl.removeMember(java.lang.String,javax.servlet.http.HttpServletRequest,javax.servlet.http.HttpServletResponse) throws java.lang.Exception
[02:27:23][INFO ](RequestMappingHandlerAdapter.java:523)-Looking for @ControllerAdvice: WebApplicationContext for namespace 'appServlet-servlet': startup date [Thu Jul 14 02:27:22 KST 2022]; parent: Root WebApplicationContext
[02:27:23][INFO ](RequestMappingHandlerAdapter.java:523)-Looking for @ControllerAdvice: WebApplicationContext for namespace 'appServlet-servlet': startup date [Thu Jul 14 02:27:22 KST 2022]; parent: Root WebApplicationContext
[02:27:24][INFO ](AbstractUrlHandlerMapping.java:315)-Mapped URL path [/resources/**] onto handler 'org.springframework.web.servlet.resource.ResourceHttpRequestHandler#0'
[02:27:24][DEBUG](Digester.java:2011)-register('-//Apache Software Foundation//DTD Tiles Configuration 2.0//EN', 'jar:file:/C:/workspace-spring/.metadata/.plugins/org.eclipse.wst.server.core/tmp0/wtpwebapps/ezen09_Log4j_Tiles%20(4)%20(1)/WEB-INF/lib/tiles-core-2.2.2.jar!/org/apache/tiles/resources/tiles-config_2_0.dtd'
[02:27:24][DEBUG](Digester.java:2011)-register('-//Apache Software Foundation//DTD Tiles Configuration 2.1//EN', 'jar:file:/C:/workspace-spring/.metadata/.plugins/org.eclipse.wst.server.core/tmp0/wtpwebapps/ezen09_Log4j_Tiles%20(4)%20(1)/WEB-INF/lib/tiles-core-2.2.2.jar!/org/apache/tiles/resources/tiles-config_2_1.dtd'
[02:27:24][INFO ](TilesAccess.java:113)-Publishing TilesContext for context: org.springframework.web.servlet.view.tiles2.SpringWildcardServletTilesApplicationContext
[02:27:24][DEBUG](MultiActionController.java:316)-Found action method [public org.springframework.web.servlet.ModelAndView kr.co.tiles.member.controller.MemberControllerImpl.logout(javax.servlet.http.HttpServletRequest,javax.servlet.http.HttpServletResponse) throws java.lang.Exception]
[02:27:24][DEBUG](MultiActionController.java:316)-Found action method [public org.springframework.web.servlet.ModelAndView kr.co.tiles.member.controller.MemberControllerImpl.listMembers(javax.servlet.http.HttpServletRequest,javax.servlet.http.HttpServletResponse) throws java.lang.Exception]
[02:27:24][DEBUG](AbstractAutoProxyCreator.java:503)-Creating implicit proxy for bean 'memberDAO' with 0 common interceptors and 2 specific interceptors
[02:27:24][DEBUG](JdkDynamicAopProxy.java:117)-Creating JDK dynamic proxy: target source is SingletonTargetSource for target object [kr.co.tiles.member.dao.MemberDAOImpl@2cad213d]
[02:27:24][DEBUG](AbstractAutoProxyCreator.java:503)-Creating implicit proxy for bean 'memberService' with 0 common interceptors and 2 specific interceptors
[02:27:24][DEBUG](JdkDynamicAopProxy.java:117)-Creating JDK dynamic proxy: target source is SingletonTargetSource for target object [kr.co.tiles.member.service.MemberServiceImpl@4dc1f629]
[02:27:24][DEBUG](JndiTemplate.java:150)-Looking up JNDI object with name [java:comp/env/spring.liveBeansView.mbeanDomain]
[02:27:24][DEBUG](JndiLocatorSupport.java:101)-Converted JNDI name [java:comp/env/spring.liveBeansView.mbeanDomain] not found - trying original name [spring.liveBeansView.mbeanDomain]. javax.naming.NameNotFoundException: Name [spring.liveBeansView.mbeanDomain]은(는) 이 컨텍스트에 바인딩되지 않았습니다. [spring.liveBeansView.mbeanDomain]을(를) 찾을 수 없습니다.
[02:27:24][DEBUG](JndiTemplate.java:150)-Looking up JNDI object with name [spring.liveBeansView.mbeanDomain]
[02:27:24][DEBUG](JndiPropertySource.java:90)-JNDI lookup for name [spring.liveBeansView.mbeanDomain] threw NamingException with message: Name [spring.liveBeansView.mbeanDomain]은(는) 이 컨텍스트에 바인딩되지 않았습니다. [spring.liveBeansView.mbeanDomain]을(를) 찾을 수 없습니다.. Returning null.
[02:27:24][INFO ](FrameworkServlet.java:503)-FrameworkServlet 'appServlet': initialization completed in 1872 ms
[02:34:22][INFO ](AbstractApplicationContext.java:862)-Closing WebApplicationContext for namespace 'appServlet-servlet': startup date [Thu Jul 14 02:27:22 KST 2022]; parent: Root WebApplicationContext
[02:34:22][INFO ](TilesAccess.java:108)-Removing TilesContext for context: org.springframework.web.servlet.view.tiles2.SpringWildcardServletTilesApplicationContext
[02:34:22][INFO ](AbstractApplicationContext.java:862)-Closing Root WebApplicationContext: startup date [Thu Jul 14 02:27:21 KST 2022]; root of context hierarchy
[02:34:32][INFO ](ContextLoader.java:285)-Root WebApplicationContext: initialization started
[02:34:32][INFO ](AbstractApplicationContext.java:510)-Refreshing Root WebApplicationContext: startup date [Thu Jul 14 02:34:32 KST 2022]; root of context hierarchy
[02:34:32][INFO ](XmlBeanDefinitionReader.java:317)-Loading XML bean definitions from ServletContext resource [/WEB-INF/spring/action-mybatis.xml]
[02:34:32][INFO ](XmlBeanDefinitionReader.java:317)-Loading XML bean definitions from ServletContext resource [/WEB-INF/spring/message-context.xml]
[02:34:32][INFO ](XmlBeanDefinitionReader.java:317)-Loading XML bean definitions from ServletContext resource [/WEB-INF/spring/root-context.xml]
[02:34:33][INFO ](PropertiesLoaderSupport.java:172)-Loading properties file from ServletContext resource [/WEB-INF/config/jdbc/jdbc.properties]
[02:34:33][DEBUG](UiApplicationContextUtils.java:85)-Unable to locate ThemeSource with name 'themeSource': using default [org.springframework.ui.context.support.ResourceBundleThemeSource@5c10216f]
[02:34:33][DEBUG](LogFactory.java:109)-Logging initialized using 'class org.apache.ibatis.logging.slf4j.Slf4jImpl' adapter.
[02:34:33][DEBUG](PooledDataSource.java:363)-PooledDataSource forcefully closed/removed all connections.
[02:34:33][DEBUG](PooledDataSource.java:363)-PooledDataSource forcefully closed/removed all connections.
[02:34:33][DEBUG](PooledDataSource.java:363)-PooledDataSource forcefully closed/removed all connections.
[02:34:33][DEBUG](PooledDataSource.java:363)-PooledDataSource forcefully closed/removed all connections.
[02:34:33][DEBUG](Logger.java:49)-Parsed configuration file: 'class path resource [mybatis/model/modelConfig.xml]'
[02:34:33][DEBUG](Logger.java:49)-Parsed mapper file: 'file [C:\workspace-spring\.metadata\.plugins\org.eclipse.wst.server.core\tmp0\wtpwebapps\ezen09_Log4j_Tiles (4) (1)\WEB-INF\classes\mybatis\mappers\member.xml]'
[02:34:33][DEBUG](JndiTemplate.java:150)-Looking up JNDI object with name [java:comp/env/spring.liveBeansView.mbeanDomain]
[02:34:33][DEBUG](JndiLocatorSupport.java:101)-Converted JNDI name [java:comp/env/spring.liveBeansView.mbeanDomain] not found - trying original name [spring.liveBeansView.mbeanDomain]. javax.naming.NameNotFoundException: Name [spring.liveBeansView.mbeanDomain]은(는) 이 컨텍스트에 바인딩되지 않았습니다. [spring.liveBeansView.mbeanDomain]을(를) 찾을 수 없습니다.
[02:34:33][DEBUG](JndiTemplate.java:150)-Looking up JNDI object with name [spring.liveBeansView.mbeanDomain]
[02:34:33][DEBUG](JndiPropertySource.java:90)-JNDI lookup for name [spring.liveBeansView.mbeanDomain] threw NamingException with message: Name [spring.liveBeansView.mbeanDomain]은(는) 이 컨텍스트에 바인딩되지 않았습니다. [spring.liveBeansView.mbeanDomain]을(를) 찾을 수 없습니다.. Returning null.
[02:34:33][INFO ](ContextLoader.java:325)-Root WebApplicationContext: initialization completed in 1363 ms
[02:34:33][INFO ](FrameworkServlet.java:484)-FrameworkServlet 'appServlet': initialization started
[02:34:33][DEBUG](JndiTemplate.java:150)-Looking up JNDI object with name [java:comp/env/spring.profiles.active]
[02:34:33][DEBUG](JndiLocatorSupport.java:101)-Converted JNDI name [java:comp/env/spring.profiles.active] not found - trying original name [spring.profiles.active]. javax.naming.NameNotFoundException: Name [spring.profiles.active]은(는) 이 컨텍스트에 바인딩되지 않았습니다. [spring.profiles.active]을(를) 찾을 수 없습니다.
[02:34:33][DEBUG](JndiTemplate.java:150)-Looking up JNDI object with name [spring.profiles.active]
[02:34:33][DEBUG](JndiPropertySource.java:90)-JNDI lookup for name [spring.profiles.active] threw NamingException with message: Name [spring.profiles.active]은(는) 이 컨텍스트에 바인딩되지 않았습니다. [spring.profiles.active]을(를) 찾을 수 없습니다.. Returning null.
[02:34:33][DEBUG](JndiTemplate.java:150)-Looking up JNDI object with name [java:comp/env/spring.profiles.default]
[02:34:33][DEBUG](JndiLocatorSupport.java:101)-Converted JNDI name [java:comp/env/spring.profiles.default] not found - trying original name [spring.profiles.default]. javax.naming.NameNotFoundException: Name [spring.profiles.default]은(는) 이 컨텍스트에 바인딩되지 않았습니다. [spring.profiles.default]을(를) 찾을 수 없습니다.
[02:34:33][DEBUG](JndiTemplate.java:150)-Looking up JNDI object with name [spring.profiles.default]
[02:34:33][DEBUG](JndiPropertySource.java:90)-JNDI lookup for name [spring.profiles.default] threw NamingException with message: Name [spring.profiles.default]은(는) 이 컨텍스트에 바인딩되지 않았습니다. [spring.profiles.default]을(를) 찾을 수 없습니다.. Returning null.
[02:34:33][DEBUG](JndiTemplate.java:150)-Looking up JNDI object with name [java:comp/env/spring.profiles.default]
[02:34:33][DEBUG](JndiLocatorSupport.java:101)-Converted JNDI name [java:comp/env/spring.profiles.default] not found - trying original name [spring.profiles.default]. javax.naming.NameNotFoundException: Name [spring.profiles.default]은(는) 이 컨텍스트에 바인딩되지 않았습니다. [spring.profiles.default]을(를) 찾을 수 없습니다.
[02:34:33][DEBUG](JndiTemplate.java:150)-Looking up JNDI object with name [spring.profiles.default]
[02:34:33][DEBUG](JndiPropertySource.java:90)-JNDI lookup for name [spring.profiles.default] threw NamingException with message: Name [spring.profiles.default]은(는) 이 컨텍스트에 바인딩되지 않았습니다. [spring.profiles.default]을(를) 찾을 수 없습니다.. Returning null.
[02:34:33][INFO ](AbstractApplicationContext.java:510)-Refreshing WebApplicationContext for namespace 'appServlet-servlet': startup date [Thu Jul 14 02:34:33 KST 2022]; parent: Root WebApplicationContext
[02:34:33][INFO ](XmlBeanDefinitionReader.java:317)-Loading XML bean definitions from ServletContext resource [/WEB-INF/spring/appServlet/servlet-context.xml]
[02:34:34][INFO ](AutowiredAnnotationBeanPostProcessor.java:153)-JSR-330 'javax.inject.Inject' annotation found and supported for autowiring
[02:34:34][DEBUG](UiApplicationContextUtils.java:85)-Unable to locate ThemeSource with name 'themeSource': using default [org.springframework.ui.context.support.DelegatingThemeSource@50f71f48]
[02:34:34][DEBUG](ReflectiveAspectJAdvisorFactory.java:221)-Found AspectJ method: public java.lang.Object kr.co.tiles.common.log.LoggingAdvice.timeLog(org.aspectj.lang.ProceedingJoinPoint) throws java.lang.Throwable
[02:34:35][INFO ](AbstractHandlerMethodMapping.java:220)-Mapped "{[/],methods=[GET],params=[],headers=[],consumes=[],produces=[],custom=[]}" onto public java.lang.String kr.co.tiles.HomeController.home(java.util.Locale,org.springframework.ui.Model)
[02:34:35][INFO ](AbstractHandlerMethodMapping.java:220)-Mapped "{[/main.do],methods=[GET],params=[],headers=[],consumes=[],produces=[],custom=[]}" onto public java.lang.String kr.co.tiles.HomeController.tiles(java.util.Locale,org.springframework.ui.Model)
[02:34:35][INFO ](AbstractHandlerMethodMapping.java:220)-Mapped "{[/member/*Form.do],methods=[GET],params=[],headers=[],consumes=[],produces=[],custom=[]}" onto public org.springframework.web.servlet.ModelAndView kr.co.tiles.member.controller.MemberControllerImpl.form(java.lang.String,javax.servlet.http.HttpServletRequest,javax.servlet.http.HttpServletResponse) throws java.lang.Exception
[02:34:35][INFO ](AbstractHandlerMethodMapping.java:220)-Mapped "{[/member/logout.do],methods=[GET],params=[],headers=[],consumes=[],produces=[],custom=[]}" onto public org.springframework.web.servlet.ModelAndView kr.co.tiles.member.controller.MemberControllerImpl.logout(javax.servlet.http.HttpServletRequest,javax.servlet.http.HttpServletResponse) throws java.lang.Exception
[02:34:35][INFO ](AbstractHandlerMethodMapping.java:220)-Mapped "{[/member/login.do],methods=[POST],params=[],headers=[],consumes=[],produces=[],custom=[]}" onto public org.springframework.web.servlet.ModelAndView kr.co.tiles.member.controller.MemberControllerImpl.login(kr.co.tiles.member.dto.MemberDTO,org.springframework.web.servlet.mvc.support.RedirectAttributes,javax.servlet.http.HttpServletRequest,javax.servlet.http.HttpServletResponse)
[02:34:35][INFO ](AbstractHandlerMethodMapping.java:220)-Mapped "{[/member/addMember.do],methods=[POST],params=[],headers=[],consumes=[],produces=[],custom=[]}" onto public org.springframework.web.servlet.ModelAndView kr.co.tiles.member.controller.MemberControllerImpl.addMember(kr.co.tiles.member.dto.MemberDTO,javax.servlet.http.HttpServletRequest,javax.servlet.http.HttpServletResponse) throws java.lang.Exception
[02:34:35][INFO ](AbstractHandlerMethodMapping.java:220)-Mapped "{[/member/listMembers.do],methods=[GET],params=[],headers=[],consumes=[],produces=[],custom=[]}" onto public org.springframework.web.servlet.ModelAndView kr.co.tiles.member.controller.MemberControllerImpl.listMembers(javax.servlet.http.HttpServletRequest,javax.servlet.http.HttpServletResponse) throws java.lang.Exception
[02:34:35][INFO ](AbstractHandlerMethodMapping.java:220)-Mapped "{[/member/removeMember.do],methods=[GET],params=[],headers=[],consumes=[],produces=[],custom=[]}" onto public org.springframework.web.servlet.ModelAndView kr.co.tiles.member.controller.MemberControllerImpl.removeMember(java.lang.String,javax.servlet.http.HttpServletRequest,javax.servlet.http.HttpServletResponse) throws java.lang.Exception
[02:34:35][INFO ](RequestMappingHandlerAdapter.java:523)-Looking for @ControllerAdvice: WebApplicationContext for namespace 'appServlet-servlet': startup date [Thu Jul 14 02:34:33 KST 2022]; parent: Root WebApplicationContext
[02:34:35][INFO ](RequestMappingHandlerAdapter.java:523)-Looking for @ControllerAdvice: WebApplicationContext for namespace 'appServlet-servlet': startup date [Thu Jul 14 02:34:33 KST 2022]; parent: Root WebApplicationContext
[02:34:35][INFO ](AbstractUrlHandlerMapping.java:315)-Mapped URL path [/resources/**] onto handler 'org.springframework.web.servlet.resource.ResourceHttpRequestHandler#0'
[02:34:35][DEBUG](Digester.java:2011)-register('-//Apache Software Foundation//DTD Tiles Configuration 2.0//EN', 'jar:file:/C:/workspace-spring/.metadata/.plugins/org.eclipse.wst.server.core/tmp0/wtpwebapps/ezen09_Log4j_Tiles%20(4)%20(1)/WEB-INF/lib/tiles-core-2.2.2.jar!/org/apache/tiles/resources/tiles-config_2_0.dtd'
[02:34:35][DEBUG](Digester.java:2011)-register('-//Apache Software Foundation//DTD Tiles Configuration 2.1//EN', 'jar:file:/C:/workspace-spring/.metadata/.plugins/org.eclipse.wst.server.core/tmp0/wtpwebapps/ezen09_Log4j_Tiles%20(4)%20(1)/WEB-INF/lib/tiles-core-2.2.2.jar!/org/apache/tiles/resources/tiles-config_2_1.dtd'
[02:34:35][INFO ](TilesAccess.java:113)-Publishing TilesContext for context: org.springframework.web.servlet.view.tiles2.SpringWildcardServletTilesApplicationContext
[02:34:35][DEBUG](MultiActionController.java:316)-Found action method [public org.springframework.web.servlet.ModelAndView kr.co.tiles.member.controller.MemberControllerImpl.logout(javax.servlet.http.HttpServletRequest,javax.servlet.http.HttpServletResponse) throws java.lang.Exception]
[02:34:35][DEBUG](MultiActionController.java:316)-Found action method [public org.springframework.web.servlet.ModelAndView kr.co.tiles.member.controller.MemberControllerImpl.listMembers(javax.servlet.http.HttpServletRequest,javax.servlet.http.HttpServletResponse) throws java.lang.Exception]
[02:34:35][DEBUG](AbstractAutoProxyCreator.java:503)-Creating implicit proxy for bean 'memberDAO' with 0 common interceptors and 2 specific interceptors
[02:34:35][DEBUG](JdkDynamicAopProxy.java:117)-Creating JDK dynamic proxy: target source is SingletonTargetSource for target object [kr.co.tiles.member.dao.MemberDAOImpl@2cad213d]
[02:34:35][DEBUG](AbstractAutoProxyCreator.java:503)-Creating implicit proxy for bean 'memberService' with 0 common interceptors and 2 specific interceptors
[02:34:35][DEBUG](JdkDynamicAopProxy.java:117)-Creating JDK dynamic proxy: target source is SingletonTargetSource for target object [kr.co.tiles.member.service.MemberServiceImpl@4dc1f629]
[02:34:35][DEBUG](JndiTemplate.java:150)-Looking up JNDI object with name [java:comp/env/spring.liveBeansView.mbeanDomain]
[02:34:35][DEBUG](JndiLocatorSupport.java:101)-Converted JNDI name [java:comp/env/spring.liveBeansView.mbeanDomain] not found - trying original name [spring.liveBeansView.mbeanDomain]. javax.naming.NameNotFoundException: Name [spring.liveBeansView.mbeanDomain]은(는) 이 컨텍스트에 바인딩되지 않았습니다. [spring.liveBeansView.mbeanDomain]을(를) 찾을 수 없습니다.
[02:34:35][DEBUG](JndiTemplate.java:150)-Looking up JNDI object with name [spring.liveBeansView.mbeanDomain]
[02:34:35][DEBUG](JndiPropertySource.java:90)-JNDI lookup for name [spring.liveBeansView.mbeanDomain] threw NamingException with message: Name [spring.liveBeansView.mbeanDomain]은(는) 이 컨텍스트에 바인딩되지 않았습니다. [spring.liveBeansView.mbeanDomain]을(를) 찾을 수 없습니다.. Returning null.
[02:34:35][INFO ](FrameworkServlet.java:503)-FrameworkServlet 'appServlet': initialization completed in 1813 ms
[02:35:26][INFO ](AbstractApplicationContext.java:862)-Closing WebApplicationContext for namespace 'appServlet-servlet': startup date [Thu Jul 14 02:34:33 KST 2022]; parent: Root WebApplicationContext
[02:35:26][INFO ](TilesAccess.java:108)-Removing TilesContext for context: org.springframework.web.servlet.view.tiles2.SpringWildcardServletTilesApplicationContext
[02:35:26][INFO ](AbstractApplicationContext.java:862)-Closing Root WebApplicationContext: startup date [Thu Jul 14 02:34:32 KST 2022]; root of context hierarchy
[02:35:36][INFO ](ContextLoader.java:285)-Root WebApplicationContext: initialization started
[02:35:36][INFO ](AbstractApplicationContext.java:510)-Refreshing Root WebApplicationContext: startup date [Thu Jul 14 02:35:36 KST 2022]; root of context hierarchy
[02:35:36][INFO ](XmlBeanDefinitionReader.java:317)-Loading XML bean definitions from ServletContext resource [/WEB-INF/spring/action-mybatis.xml]
[02:35:36][INFO ](XmlBeanDefinitionReader.java:317)-Loading XML bean definitions from ServletContext resource [/WEB-INF/spring/message-context.xml]
[02:35:36][INFO ](XmlBeanDefinitionReader.java:317)-Loading XML bean definitions from ServletContext resource [/WEB-INF/spring/root-context.xml]
[02:35:36][INFO ](PropertiesLoaderSupport.java:172)-Loading properties file from ServletContext resource [/WEB-INF/config/jdbc/jdbc.properties]
[02:35:36][DEBUG](UiApplicationContextUtils.java:85)-Unable to locate ThemeSource with name 'themeSource': using default [org.springframework.ui.context.support.ResourceBundleThemeSource@5c10216f]
[02:35:36][DEBUG](LogFactory.java:109)-Logging initialized using 'class org.apache.ibatis.logging.slf4j.Slf4jImpl' adapter.
[02:35:36][DEBUG](PooledDataSource.java:363)-PooledDataSource forcefully closed/removed all connections.
[02:35:36][DEBUG](PooledDataSource.java:363)-PooledDataSource forcefully closed/removed all connections.
[02:35:36][DEBUG](PooledDataSource.java:363)-PooledDataSource forcefully closed/removed all connections.
[02:35:36][DEBUG](PooledDataSource.java:363)-PooledDataSource forcefully closed/removed all connections.
[02:35:37][DEBUG](Logger.java:49)-Parsed configuration file: 'class path resource [mybatis/model/modelConfig.xml]'
[02:35:37][DEBUG](Logger.java:49)-Parsed mapper file: 'file [C:\workspace-spring\.metadata\.plugins\org.eclipse.wst.server.core\tmp0\wtpwebapps\ezen09_Log4j_Tiles (4) (1)\WEB-INF\classes\mybatis\mappers\member.xml]'
[02:35:37][DEBUG](JndiTemplate.java:150)-Looking up JNDI object with name [java:comp/env/spring.liveBeansView.mbeanDomain]
[02:35:37][DEBUG](JndiLocatorSupport.java:101)-Converted JNDI name [java:comp/env/spring.liveBeansView.mbeanDomain] not found - trying original name [spring.liveBeansView.mbeanDomain]. javax.naming.NameNotFoundException: Name [spring.liveBeansView.mbeanDomain]은(는) 이 컨텍스트에 바인딩되지 않았습니다. [spring.liveBeansView.mbeanDomain]을(를) 찾을 수 없습니다.
[02:35:37][DEBUG](JndiTemplate.java:150)-Looking up JNDI object with name [spring.liveBeansView.mbeanDomain]
[02:35:37][DEBUG](JndiPropertySource.java:90)-JNDI lookup for name [spring.liveBeansView.mbeanDomain] threw NamingException with message: Name [spring.liveBeansView.mbeanDomain]은(는) 이 컨텍스트에 바인딩되지 않았습니다. [spring.liveBeansView.mbeanDomain]을(를) 찾을 수 없습니다.. Returning null.
[02:35:37][INFO ](ContextLoader.java:325)-Root WebApplicationContext: initialization completed in 1404 ms
[02:35:37][INFO ](FrameworkServlet.java:484)-FrameworkServlet 'appServlet': initialization started
[02:35:37][DEBUG](JndiTemplate.java:150)-Looking up JNDI object with name [java:comp/env/spring.profiles.active]
[02:35:37][DEBUG](JndiLocatorSupport.java:101)-Converted JNDI name [java:comp/env/spring.profiles.active] not found - trying original name [spring.profiles.active]. javax.naming.NameNotFoundException: Name [spring.profiles.active]은(는) 이 컨텍스트에 바인딩되지 않았습니다. [spring.profiles.active]을(를) 찾을 수 없습니다.
[02:35:37][DEBUG](JndiTemplate.java:150)-Looking up JNDI object with name [spring.profiles.active]
[02:35:37][DEBUG](JndiPropertySource.java:90)-JNDI lookup for name [spring.profiles.active] threw NamingException with message: Name [spring.profiles.active]은(는) 이 컨텍스트에 바인딩되지 않았습니다. [spring.profiles.active]을(를) 찾을 수 없습니다.. Returning null.
[02:35:37][DEBUG](JndiTemplate.java:150)-Looking up JNDI object with name [java:comp/env/spring.profiles.default]
[02:35:37][DEBUG](JndiLocatorSupport.java:101)-Converted JNDI name [java:comp/env/spring.profiles.default] not found - trying original name [spring.profiles.default]. javax.naming.NameNotFoundException: Name [spring.profiles.default]은(는) 이 컨텍스트에 바인딩되지 않았습니다. [spring.profiles.default]을(를) 찾을 수 없습니다.
[02:35:37][DEBUG](JndiTemplate.java:150)-Looking up JNDI object with name [spring.profiles.default]
[02:35:37][DEBUG](JndiPropertySource.java:90)-JNDI lookup for name [spring.profiles.default] threw NamingException with message: Name [spring.profiles.default]은(는) 이 컨텍스트에 바인딩되지 않았습니다. [spring.profiles.default]을(를) 찾을 수 없습니다.. Returning null.
[02:35:37][DEBUG](JndiTemplate.java:150)-Looking up JNDI object with name [java:comp/env/spring.profiles.default]
[02:35:37][DEBUG](JndiLocatorSupport.java:101)-Converted JNDI name [java:comp/env/spring.profiles.default] not found - trying original name [spring.profiles.default]. javax.naming.NameNotFoundException: Name [spring.profiles.default]은(는) 이 컨텍스트에 바인딩되지 않았습니다. [spring.profiles.default]을(를) 찾을 수 없습니다.
[02:35:37][DEBUG](JndiTemplate.java:150)-Looking up JNDI object with name [spring.profiles.default]
[02:35:37][DEBUG](JndiPropertySource.java:90)-JNDI lookup for name [spring.profiles.default] threw NamingException with message: Name [spring.profiles.default]은(는) 이 컨텍스트에 바인딩되지 않았습니다. [spring.profiles.default]을(를) 찾을 수 없습니다.. Returning null.
[02:35:37][INFO ](AbstractApplicationContext.java:510)-Refreshing WebApplicationContext for namespace 'appServlet-servlet': startup date [Thu Jul 14 02:35:37 KST 2022]; parent: Root WebApplicationContext
[02:35:37][INFO ](XmlBeanDefinitionReader.java:317)-Loading XML bean definitions from ServletContext resource [/WEB-INF/spring/appServlet/servlet-context.xml]
[02:35:38][INFO ](AutowiredAnnotationBeanPostProcessor.java:153)-JSR-330 'javax.inject.Inject' annotation found and supported for autowiring
[02:35:38][DEBUG](UiApplicationContextUtils.java:85)-Unable to locate ThemeSource with name 'themeSource': using default [org.springframework.ui.context.support.DelegatingThemeSource@50f71f48]
[02:35:38][DEBUG](ReflectiveAspectJAdvisorFactory.java:221)-Found AspectJ method: public java.lang.Object kr.co.tiles.common.log.LoggingAdvice.timeLog(org.aspectj.lang.ProceedingJoinPoint) throws java.lang.Throwable
[02:35:38][INFO ](AbstractHandlerMethodMapping.java:220)-Mapped "{[/main.do],methods=[GET],params=[],headers=[],consumes=[],produces=[],custom=[]}" onto public java.lang.String kr.co.tiles.HomeController.tiles(java.util.Locale,org.springframework.ui.Model)
[02:35:38][INFO ](AbstractHandlerMethodMapping.java:220)-Mapped "{[/],methods=[GET],params=[],headers=[],consumes=[],produces=[],custom=[]}" onto public java.lang.String kr.co.tiles.HomeController.home(java.util.Locale,org.springframework.ui.Model)
[02:35:38][INFO ](AbstractHandlerMethodMapping.java:220)-Mapped "{[/member/listMembers.do],methods=[GET],params=[],headers=[],consumes=[],produces=[],custom=[]}" onto public org.springframework.web.servlet.ModelAndView kr.co.tiles.member.controller.MemberControllerImpl.listMembers(javax.servlet.http.HttpServletRequest,javax.servlet.http.HttpServletResponse) throws java.lang.Exception
[02:35:38][INFO ](AbstractHandlerMethodMapping.java:220)-Mapped "{[/member/addMember.do],methods=[POST],params=[],headers=[],consumes=[],produces=[],custom=[]}" onto public org.springframework.web.servlet.ModelAndView kr.co.tiles.member.controller.MemberControllerImpl.addMember(kr.co.tiles.member.dto.MemberDTO,javax.servlet.http.HttpServletRequest,javax.servlet.http.HttpServletResponse) throws java.lang.Exception
[02:35:38][INFO ](AbstractHandlerMethodMapping.java:220)-Mapped "{[/member/removeMember.do],methods=[GET],params=[],headers=[],consumes=[],produces=[],custom=[]}" onto public org.springframework.web.servlet.ModelAndView kr.co.tiles.member.controller.MemberControllerImpl.removeMember(java.lang.String,javax.servlet.http.HttpServletRequest,javax.servlet.http.HttpServletResponse) throws java.lang.Exception
[02:35:38][INFO ](AbstractHandlerMethodMapping.java:220)-Mapped "{[/member/logout.do],methods=[GET],params=[],headers=[],consumes=[],produces=[],custom=[]}" onto public org.springframework.web.servlet.ModelAndView kr.co.tiles.member.controller.MemberControllerImpl.logout(javax.servlet.http.HttpServletRequest,javax.servlet.http.HttpServletResponse) throws java.lang.Exception
[02:35:38][INFO ](AbstractHandlerMethodMapping.java:220)-Mapped "{[/member/login.do],methods=[POST],params=[],headers=[],consumes=[],produces=[],custom=[]}" onto public org.springframework.web.servlet.ModelAndView kr.co.tiles.member.controller.MemberControllerImpl.login(kr.co.tiles.member.dto.MemberDTO,org.springframework.web.servlet.mvc.support.RedirectAttributes,javax.servlet.http.HttpServletRequest,javax.servlet.http.HttpServletResponse)
[02:35:38][INFO ](AbstractHandlerMethodMapping.java:220)-Mapped "{[/member/*Form.do],methods=[GET],params=[],headers=[],consumes=[],produces=[],custom=[]}" onto public org.springframework.web.servlet.ModelAndView kr.co.tiles.member.controller.MemberControllerImpl.form(java.lang.String,javax.servlet.http.HttpServletRequest,javax.servlet.http.HttpServletResponse) throws java.lang.Exception
[02:35:38][INFO ](RequestMappingHandlerAdapter.java:523)-Looking for @ControllerAdvice: WebApplicationContext for namespace 'appServlet-servlet': startup date [Thu Jul 14 02:35:37 KST 2022]; parent: Root WebApplicationContext
[02:35:38][INFO ](RequestMappingHandlerAdapter.java:523)-Looking for @ControllerAdvice: WebApplicationContext for namespace 'appServlet-servlet': startup date [Thu Jul 14 02:35:37 KST 2022]; parent: Root WebApplicationContext
[02:35:39][INFO ](AbstractUrlHandlerMapping.java:315)-Mapped URL path [/resources/**] onto handler 'org.springframework.web.servlet.resource.ResourceHttpRequestHandler#0'
[02:35:39][DEBUG](Digester.java:2011)-register('-//Apache Software Foundation//DTD Tiles Configuration 2.0//EN', 'jar:file:/C:/workspace-spring/.metadata/.plugins/org.eclipse.wst.server.core/tmp0/wtpwebapps/ezen09_Log4j_Tiles%20(4)%20(1)/WEB-INF/lib/tiles-core-2.2.2.jar!/org/apache/tiles/resources/tiles-config_2_0.dtd'
[02:35:39][DEBUG](Digester.java:2011)-register('-//Apache Software Foundation//DTD Tiles Configuration 2.1//EN', 'jar:file:/C:/workspace-spring/.metadata/.plugins/org.eclipse.wst.server.core/tmp0/wtpwebapps/ezen09_Log4j_Tiles%20(4)%20(1)/WEB-INF/lib/tiles-core-2.2.2.jar!/org/apache/tiles/resources/tiles-config_2_1.dtd'
[02:35:39][INFO ](TilesAccess.java:113)-Publishing TilesContext for context: org.springframework.web.servlet.view.tiles2.SpringWildcardServletTilesApplicationContext
[02:35:39][DEBUG](MultiActionController.java:316)-Found action method [public org.springframework.web.servlet.ModelAndView kr.co.tiles.member.controller.MemberControllerImpl.listMembers(javax.servlet.http.HttpServletRequest,javax.servlet.http.HttpServletResponse) throws java.lang.Exception]
[02:35:39][DEBUG](MultiActionController.java:316)-Found action method [public org.springframework.web.servlet.ModelAndView kr.co.tiles.member.controller.MemberControllerImpl.logout(javax.servlet.http.HttpServletRequest,javax.servlet.http.HttpServletResponse) throws java.lang.Exception]
[02:35:39][DEBUG](AbstractAutoProxyCreator.java:503)-Creating implicit proxy for bean 'memberDAO' with 0 common interceptors and 2 specific interceptors
[02:35:39][DEBUG](JdkDynamicAopProxy.java:117)-Creating JDK dynamic proxy: target source is SingletonTargetSource for target object [kr.co.tiles.member.dao.MemberDAOImpl@2cad213d]
[02:35:39][DEBUG](AbstractAutoProxyCreator.java:503)-Creating implicit proxy for bean 'memberService' with 0 common interceptors and 2 specific interceptors
[02:35:39][DEBUG](JdkDynamicAopProxy.java:117)-Creating JDK dynamic proxy: target source is SingletonTargetSource for target object [kr.co.tiles.member.service.MemberServiceImpl@4dc1f629]
[02:35:39][DEBUG](JndiTemplate.java:150)-Looking up JNDI object with name [java:comp/env/spring.liveBeansView.mbeanDomain]
[02:35:39][DEBUG](JndiLocatorSupport.java:101)-Converted JNDI name [java:comp/env/spring.liveBeansView.mbeanDomain] not found - trying original name [spring.liveBeansView.mbeanDomain]. javax.naming.NameNotFoundException: Name [spring.liveBeansView.mbeanDomain]은(는) 이 컨텍스트에 바인딩되지 않았습니다. [spring.liveBeansView.mbeanDomain]을(를) 찾을 수 없습니다.
[02:35:39][DEBUG](JndiTemplate.java:150)-Looking up JNDI object with name [spring.liveBeansView.mbeanDomain]
[02:35:39][DEBUG](JndiPropertySource.java:90)-JNDI lookup for name [spring.liveBeansView.mbeanDomain] threw NamingException with message: Name [spring.liveBeansView.mbeanDomain]은(는) 이 컨텍스트에 바인딩되지 않았습니다. [spring.liveBeansView.mbeanDomain]을(를) 찾을 수 없습니다.. Returning null.
[02:35:39][INFO ](FrameworkServlet.java:503)-FrameworkServlet 'appServlet': initialization completed in 1857 ms
[02:36:42][INFO ](AbstractApplicationContext.java:862)-Closing WebApplicationContext for namespace 'appServlet-servlet': startup date [Thu Jul 14 02:35:37 KST 2022]; parent: Root WebApplicationContext
[02:36:42][INFO ](TilesAccess.java:108)-Removing TilesContext for context: org.springframework.web.servlet.view.tiles2.SpringWildcardServletTilesApplicationContext
[02:36:42][INFO ](AbstractApplicationContext.java:862)-Closing Root WebApplicationContext: startup date [Thu Jul 14 02:35:36 KST 2022]; root of context hierarchy
[02:36:52][INFO ](ContextLoader.java:285)-Root WebApplicationContext: initialization started
[02:36:52][INFO ](AbstractApplicationContext.java:510)-Refreshing Root WebApplicationContext: startup date [Thu Jul 14 02:36:52 KST 2022]; root of context hierarchy
[02:36:52][INFO ](XmlBeanDefinitionReader.java:317)-Loading XML bean definitions from ServletContext resource [/WEB-INF/spring/action-mybatis.xml]
[02:36:52][INFO ](XmlBeanDefinitionReader.java:317)-Loading XML bean definitions from ServletContext resource [/WEB-INF/spring/message-context.xml]
[02:36:52][INFO ](XmlBeanDefinitionReader.java:317)-Loading XML bean definitions from ServletContext resource [/WEB-INF/spring/root-context.xml]
[02:36:52][INFO ](PropertiesLoaderSupport.java:172)-Loading properties file from ServletContext resource [/WEB-INF/config/jdbc/jdbc.properties]
[02:36:53][DEBUG](UiApplicationContextUtils.java:85)-Unable to locate ThemeSource with name 'themeSource': using default [org.springframework.ui.context.support.ResourceBundleThemeSource@5c10216f]
[02:36:53][DEBUG](LogFactory.java:109)-Logging initialized using 'class org.apache.ibatis.logging.slf4j.Slf4jImpl' adapter.
[02:36:53][DEBUG](PooledDataSource.java:363)-PooledDataSource forcefully closed/removed all connections.
[02:36:53][DEBUG](PooledDataSource.java:363)-PooledDataSource forcefully closed/removed all connections.
[02:36:53][DEBUG](PooledDataSource.java:363)-PooledDataSource forcefully closed/removed all connections.
[02:36:53][DEBUG](PooledDataSource.java:363)-PooledDataSource forcefully closed/removed all connections.
[02:36:53][DEBUG](Logger.java:49)-Parsed configuration file: 'class path resource [mybatis/model/modelConfig.xml]'
[02:36:53][DEBUG](Logger.java:49)-Parsed mapper file: 'file [C:\workspace-spring\.metadata\.plugins\org.eclipse.wst.server.core\tmp0\wtpwebapps\ezen09_Log4j_Tiles (4) (1)\WEB-INF\classes\mybatis\mappers\member.xml]'
[02:36:53][DEBUG](JndiTemplate.java:150)-Looking up JNDI object with name [java:comp/env/spring.liveBeansView.mbeanDomain]
[02:36:53][DEBUG](JndiLocatorSupport.java:101)-Converted JNDI name [java:comp/env/spring.liveBeansView.mbeanDomain] not found - trying original name [spring.liveBeansView.mbeanDomain]. javax.naming.NameNotFoundException: Name [spring.liveBeansView.mbeanDomain]은(는) 이 컨텍스트에 바인딩되지 않았습니다. [spring.liveBeansView.mbeanDomain]을(를) 찾을 수 없습니다.
[02:36:53][DEBUG](JndiTemplate.java:150)-Looking up JNDI object with name [spring.liveBeansView.mbeanDomain]
[02:36:53][DEBUG](JndiPropertySource.java:90)-JNDI lookup for name [spring.liveBeansView.mbeanDomain] threw NamingException with message: Name [spring.liveBeansView.mbeanDomain]은(는) 이 컨텍스트에 바인딩되지 않았습니다. [spring.liveBeansView.mbeanDomain]을(를) 찾을 수 없습니다.. Returning null.
[02:36:53][INFO ](ContextLoader.java:325)-Root WebApplicationContext: initialization completed in 1338 ms
[02:36:53][INFO ](FrameworkServlet.java:484)-FrameworkServlet 'appServlet': initialization started
[02:36:53][DEBUG](JndiTemplate.java:150)-Looking up JNDI object with name [java:comp/env/spring.profiles.active]
[02:36:53][DEBUG](JndiLocatorSupport.java:101)-Converted JNDI name [java:comp/env/spring.profiles.active] not found - trying original name [spring.profiles.active]. javax.naming.NameNotFoundException: Name [spring.profiles.active]은(는) 이 컨텍스트에 바인딩되지 않았습니다. [spring.profiles.active]을(를) 찾을 수 없습니다.
[02:36:53][DEBUG](JndiTemplate.java:150)-Looking up JNDI object with name [spring.profiles.active]
[02:36:53][DEBUG](JndiPropertySource.java:90)-JNDI lookup for name [spring.profiles.active] threw NamingException with message: Name [spring.profiles.active]은(는) 이 컨텍스트에 바인딩되지 않았습니다. [spring.profiles.active]을(를) 찾을 수 없습니다.. Returning null.
[02:36:53][DEBUG](JndiTemplate.java:150)-Looking up JNDI object with name [java:comp/env/spring.profiles.default]
[02:36:53][DEBUG](JndiLocatorSupport.java:101)-Converted JNDI name [java:comp/env/spring.profiles.default] not found - trying original name [spring.profiles.default]. javax.naming.NameNotFoundException: Name [spring.profiles.default]은(는) 이 컨텍스트에 바인딩되지 않았습니다. [spring.profiles.default]을(를) 찾을 수 없습니다.
[02:36:53][DEBUG](JndiTemplate.java:150)-Looking up JNDI object with name [spring.profiles.default]
[02:36:53][DEBUG](JndiPropertySource.java:90)-JNDI lookup for name [spring.profiles.default] threw NamingException with message: Name [spring.profiles.default]은(는) 이 컨텍스트에 바인딩되지 않았습니다. [spring.profiles.default]을(를) 찾을 수 없습니다.. Returning null.
[02:36:53][DEBUG](JndiTemplate.java:150)-Looking up JNDI object with name [java:comp/env/spring.profiles.default]
[02:36:53][DEBUG](JndiLocatorSupport.java:101)-Converted JNDI name [java:comp/env/spring.profiles.default] not found - trying original name [spring.profiles.default]. javax.naming.NameNotFoundException: Name [spring.profiles.default]은(는) 이 컨텍스트에 바인딩되지 않았습니다. [spring.profiles.default]을(를) 찾을 수 없습니다.
[02:36:53][DEBUG](JndiTemplate.java:150)-Looking up JNDI object with name [spring.profiles.default]
[02:36:53][DEBUG](JndiPropertySource.java:90)-JNDI lookup for name [spring.profiles.default] threw NamingException with message: Name [spring.profiles.default]은(는) 이 컨텍스트에 바인딩되지 않았습니다. [spring.profiles.default]을(를) 찾을 수 없습니다.. Returning null.
[02:36:53][INFO ](AbstractApplicationContext.java:510)-Refreshing WebApplicationContext for namespace 'appServlet-servlet': startup date [Thu Jul 14 02:36:53 KST 2022]; parent: Root WebApplicationContext
[02:36:53][INFO ](XmlBeanDefinitionReader.java:317)-Loading XML bean definitions from ServletContext resource [/WEB-INF/spring/appServlet/servlet-context.xml]
[02:36:54][INFO ](AutowiredAnnotationBeanPostProcessor.java:153)-JSR-330 'javax.inject.Inject' annotation found and supported for autowiring
[02:36:54][DEBUG](UiApplicationContextUtils.java:85)-Unable to locate ThemeSource with name 'themeSource': using default [org.springframework.ui.context.support.DelegatingThemeSource@50f71f48]
[02:36:54][DEBUG](ReflectiveAspectJAdvisorFactory.java:221)-Found AspectJ method: public java.lang.Object kr.co.tiles.common.log.LoggingAdvice.timeLog(org.aspectj.lang.ProceedingJoinPoint) throws java.lang.Throwable
[02:36:54][INFO ](AbstractHandlerMethodMapping.java:220)-Mapped "{[/],methods=[GET],params=[],headers=[],consumes=[],produces=[],custom=[]}" onto public java.lang.String kr.co.tiles.HomeController.home(java.util.Locale,org.springframework.ui.Model)
[02:36:54][INFO ](AbstractHandlerMethodMapping.java:220)-Mapped "{[/main.do],methods=[GET],params=[],headers=[],consumes=[],produces=[],custom=[]}" onto public java.lang.String kr.co.tiles.HomeController.tiles(java.util.Locale,org.springframework.ui.Model)
[02:36:54][INFO ](AbstractHandlerMethodMapping.java:220)-Mapped "{[/member/*Form.do],methods=[GET],params=[],headers=[],consumes=[],produces=[],custom=[]}" onto public org.springframework.web.servlet.ModelAndView kr.co.tiles.member.controller.MemberControllerImpl.form(java.lang.String,javax.servlet.http.HttpServletRequest,javax.servlet.http.HttpServletResponse) throws java.lang.Exception
[02:36:54][INFO ](AbstractHandlerMethodMapping.java:220)-Mapped "{[/member/login.do],methods=[POST],params=[],headers=[],consumes=[],produces=[],custom=[]}" onto public org.springframework.web.servlet.ModelAndView kr.co.tiles.member.controller.MemberControllerImpl.login(kr.co.tiles.member.dto.MemberDTO,org.springframework.web.servlet.mvc.support.RedirectAttributes,javax.servlet.http.HttpServletRequest,javax.servlet.http.HttpServletResponse)
[02:36:54][INFO ](AbstractHandlerMethodMapping.java:220)-Mapped "{[/member/logout.do],methods=[GET],params=[],headers=[],consumes=[],produces=[],custom=[]}" onto public org.springframework.web.servlet.ModelAndView kr.co.tiles.member.controller.MemberControllerImpl.logout(javax.servlet.http.HttpServletRequest,javax.servlet.http.HttpServletResponse) throws java.lang.Exception
[02:36:54][INFO ](AbstractHandlerMethodMapping.java:220)-Mapped "{[/member/addMember.do],methods=[POST],params=[],headers=[],consumes=[],produces=[],custom=[]}" onto public org.springframework.web.servlet.ModelAndView kr.co.tiles.member.controller.MemberControllerImpl.addMember(kr.co.tiles.member.dto.MemberDTO,javax.servlet.http.HttpServletRequest,javax.servlet.http.HttpServletResponse) throws java.lang.Exception
[02:36:54][INFO ](AbstractHandlerMethodMapping.java:220)-Mapped "{[/member/listMembers.do],methods=[GET],params=[],headers=[],consumes=[],produces=[],custom=[]}" onto public org.springframework.web.servlet.ModelAndView kr.co.tiles.member.controller.MemberControllerImpl.listMembers(javax.servlet.http.HttpServletRequest,javax.servlet.http.HttpServletResponse) throws java.lang.Exception
[02:36:54][INFO ](AbstractHandlerMethodMapping.java:220)-Mapped "{[/member/removeMember.do],methods=[GET],params=[],headers=[],consumes=[],produces=[],custom=[]}" onto public org.springframework.web.servlet.ModelAndView kr.co.tiles.member.controller.MemberControllerImpl.removeMember(java.lang.String,javax.servlet.http.HttpServletRequest,javax.servlet.http.HttpServletResponse) throws java.lang.Exception
[02:36:54][INFO ](RequestMappingHandlerAdapter.java:523)-Looking for @ControllerAdvice: WebApplicationContext for namespace 'appServlet-servlet': startup date [Thu Jul 14 02:36:53 KST 2022]; parent: Root WebApplicationContext
[02:36:55][INFO ](RequestMappingHandlerAdapter.java:523)-Looking for @ControllerAdvice: WebApplicationContext for namespace 'appServlet-servlet': startup date [Thu Jul 14 02:36:53 KST 2022]; parent: Root WebApplicationContext
[02:36:55][INFO ](AbstractUrlHandlerMapping.java:315)-Mapped URL path [/resources/**] onto handler 'org.springframework.web.servlet.resource.ResourceHttpRequestHandler#0'
[02:36:55][DEBUG](Digester.java:2011)-register('-//Apache Software Foundation//DTD Tiles Configuration 2.0//EN', 'jar:file:/C:/workspace-spring/.metadata/.plugins/org.eclipse.wst.server.core/tmp0/wtpwebapps/ezen09_Log4j_Tiles%20(4)%20(1)/WEB-INF/lib/tiles-core-2.2.2.jar!/org/apache/tiles/resources/tiles-config_2_0.dtd'
[02:36:55][DEBUG](Digester.java:2011)-register('-//Apache Software Foundation//DTD Tiles Configuration 2.1//EN', 'jar:file:/C:/workspace-spring/.metadata/.plugins/org.eclipse.wst.server.core/tmp0/wtpwebapps/ezen09_Log4j_Tiles%20(4)%20(1)/WEB-INF/lib/tiles-core-2.2.2.jar!/org/apache/tiles/resources/tiles-config_2_1.dtd'
[02:36:55][INFO ](TilesAccess.java:113)-Publishing TilesContext for context: org.springframework.web.servlet.view.tiles2.SpringWildcardServletTilesApplicationContext
[02:36:55][DEBUG](MultiActionController.java:316)-Found action method [public org.springframework.web.servlet.ModelAndView kr.co.tiles.member.controller.MemberControllerImpl.logout(javax.servlet.http.HttpServletRequest,javax.servlet.http.HttpServletResponse) throws java.lang.Exception]
[02:36:55][DEBUG](MultiActionController.java:316)-Found action method [public org.springframework.web.servlet.ModelAndView kr.co.tiles.member.controller.MemberControllerImpl.listMembers(javax.servlet.http.HttpServletRequest,javax.servlet.http.HttpServletResponse) throws java.lang.Exception]
[02:36:55][DEBUG](AbstractAutoProxyCreator.java:503)-Creating implicit proxy for bean 'memberDAO' with 0 common interceptors and 2 specific interceptors
[02:36:55][DEBUG](JdkDynamicAopProxy.java:117)-Creating JDK dynamic proxy: target source is SingletonTargetSource for target object [kr.co.tiles.member.dao.MemberDAOImpl@2cad213d]
[02:36:55][DEBUG](AbstractAutoProxyCreator.java:503)-Creating implicit proxy for bean 'memberService' with 0 common interceptors and 2 specific interceptors
[02:36:55][DEBUG](JdkDynamicAopProxy.java:117)-Creating JDK dynamic proxy: target source is SingletonTargetSource for target object [kr.co.tiles.member.service.MemberServiceImpl@4dc1f629]
[02:36:55][DEBUG](JndiTemplate.java:150)-Looking up JNDI object with name [java:comp/env/spring.liveBeansView.mbeanDomain]
[02:36:55][DEBUG](JndiLocatorSupport.java:101)-Converted JNDI name [java:comp/env/spring.liveBeansView.mbeanDomain] not found - trying original name [spring.liveBeansView.mbeanDomain]. javax.naming.NameNotFoundException: Name [spring.liveBeansView.mbeanDomain]은(는) 이 컨텍스트에 바인딩되지 않았습니다. [spring.liveBeansView.mbeanDomain]을(를) 찾을 수 없습니다.
[02:36:55][DEBUG](JndiTemplate.java:150)-Looking up JNDI object with name [spring.liveBeansView.mbeanDomain]
[02:36:55][DEBUG](JndiPropertySource.java:90)-JNDI lookup for name [spring.liveBeansView.mbeanDomain] threw NamingException with message: Name [spring.liveBeansView.mbeanDomain]은(는) 이 컨텍스트에 바인딩되지 않았습니다. [spring.liveBeansView.mbeanDomain]을(를) 찾을 수 없습니다.. Returning null.
[02:36:55][INFO ](FrameworkServlet.java:503)-FrameworkServlet 'appServlet': initialization completed in 1935 ms
[02:38:10][INFO ](AbstractApplicationContext.java:862)-Closing WebApplicationContext for namespace 'appServlet-servlet': startup date [Thu Jul 14 02:36:53 KST 2022]; parent: Root WebApplicationContext
[02:38:10][INFO ](TilesAccess.java:108)-Removing TilesContext for context: org.springframework.web.servlet.view.tiles2.SpringWildcardServletTilesApplicationContext
[02:38:10][INFO ](AbstractApplicationContext.java:862)-Closing Root WebApplicationContext: startup date [Thu Jul 14 02:36:52 KST 2022]; root of context hierarchy
[02:38:20][INFO ](ContextLoader.java:285)-Root WebApplicationContext: initialization started
[02:38:20][INFO ](AbstractApplicationContext.java:510)-Refreshing Root WebApplicationContext: startup date [Thu Jul 14 02:38:20 KST 2022]; root of context hierarchy
[02:38:20][INFO ](XmlBeanDefinitionReader.java:317)-Loading XML bean definitions from ServletContext resource [/WEB-INF/spring/action-mybatis.xml]
[02:38:20][INFO ](XmlBeanDefinitionReader.java:317)-Loading XML bean definitions from ServletContext resource [/WEB-INF/spring/message-context.xml]
[02:38:20][INFO ](XmlBeanDefinitionReader.java:317)-Loading XML bean definitions from ServletContext resource [/WEB-INF/spring/root-context.xml]
[02:38:20][INFO ](PropertiesLoaderSupport.java:172)-Loading properties file from ServletContext resource [/WEB-INF/config/jdbc/jdbc.properties]
[02:38:20][DEBUG](UiApplicationContextUtils.java:85)-Unable to locate ThemeSource with name 'themeSource': using default [org.springframework.ui.context.support.ResourceBundleThemeSource@5c10216f]
[02:38:21][DEBUG](LogFactory.java:109)-Logging initialized using 'class org.apache.ibatis.logging.slf4j.Slf4jImpl' adapter.
[02:38:21][DEBUG](PooledDataSource.java:363)-PooledDataSource forcefully closed/removed all connections.
[02:38:21][DEBUG](PooledDataSource.java:363)-PooledDataSource forcefully closed/removed all connections.
[02:38:21][DEBUG](PooledDataSource.java:363)-PooledDataSource forcefully closed/removed all connections.
[02:38:21][DEBUG](PooledDataSource.java:363)-PooledDataSource forcefully closed/removed all connections.
[02:38:21][DEBUG](Logger.java:49)-Parsed configuration file: 'class path resource [mybatis/model/modelConfig.xml]'
[02:38:21][DEBUG](Logger.java:49)-Parsed mapper file: 'file [C:\workspace-spring\.metadata\.plugins\org.eclipse.wst.server.core\tmp0\wtpwebapps\ezen09_Log4j_Tiles (4) (1)\WEB-INF\classes\mybatis\mappers\member.xml]'
[02:38:21][DEBUG](JndiTemplate.java:150)-Looking up JNDI object with name [java:comp/env/spring.liveBeansView.mbeanDomain]
[02:38:21][DEBUG](JndiLocatorSupport.java:101)-Converted JNDI name [java:comp/env/spring.liveBeansView.mbeanDomain] not found - trying original name [spring.liveBeansView.mbeanDomain]. javax.naming.NameNotFoundException: Name [spring.liveBeansView.mbeanDomain]은(는) 이 컨텍스트에 바인딩되지 않았습니다. [spring.liveBeansView.mbeanDomain]을(를) 찾을 수 없습니다.
[02:38:21][DEBUG](JndiTemplate.java:150)-Looking up JNDI object with name [spring.liveBeansView.mbeanDomain]
[02:38:21][DEBUG](JndiPropertySource.java:90)-JNDI lookup for name [spring.liveBeansView.mbeanDomain] threw NamingException with message: Name [spring.liveBeansView.mbeanDomain]은(는) 이 컨텍스트에 바인딩되지 않았습니다. [spring.liveBeansView.mbeanDomain]을(를) 찾을 수 없습니다.. Returning null.
[02:38:21][INFO ](ContextLoader.java:325)-Root WebApplicationContext: initialization completed in 1404 ms
[02:38:21][INFO ](FrameworkServlet.java:484)-FrameworkServlet 'appServlet': initialization started
[02:38:21][DEBUG](JndiTemplate.java:150)-Looking up JNDI object with name [java:comp/env/spring.profiles.active]
[02:38:21][DEBUG](JndiLocatorSupport.java:101)-Converted JNDI name [java:comp/env/spring.profiles.active] not found - trying original name [spring.profiles.active]. javax.naming.NameNotFoundException: Name [spring.profiles.active]은(는) 이 컨텍스트에 바인딩되지 않았습니다. [spring.profiles.active]을(를) 찾을 수 없습니다.
[02:38:21][DEBUG](JndiTemplate.java:150)-Looking up JNDI object with name [spring.profiles.active]
[02:38:21][DEBUG](JndiPropertySource.java:90)-JNDI lookup for name [spring.profiles.active] threw NamingException with message: Name [spring.profiles.active]은(는) 이 컨텍스트에 바인딩되지 않았습니다. [spring.profiles.active]을(를) 찾을 수 없습니다.. Returning null.
[02:38:21][DEBUG](JndiTemplate.java:150)-Looking up JNDI object with name [java:comp/env/spring.profiles.default]
[02:38:21][DEBUG](JndiLocatorSupport.java:101)-Converted JNDI name [java:comp/env/spring.profiles.default] not found - trying original name [spring.profiles.default]. javax.naming.NameNotFoundException: Name [spring.profiles.default]은(는) 이 컨텍스트에 바인딩되지 않았습니다. [spring.profiles.default]을(를) 찾을 수 없습니다.
[02:38:21][DEBUG](JndiTemplate.java:150)-Looking up JNDI object with name [spring.profiles.default]
[02:38:21][DEBUG](JndiPropertySource.java:90)-JNDI lookup for name [spring.profiles.default] threw NamingException with message: Name [spring.profiles.default]은(는) 이 컨텍스트에 바인딩되지 않았습니다. [spring.profiles.default]을(를) 찾을 수 없습니다.. Returning null.
[02:38:21][DEBUG](JndiTemplate.java:150)-Looking up JNDI object with name [java:comp/env/spring.profiles.default]
[02:38:21][DEBUG](JndiLocatorSupport.java:101)-Converted JNDI name [java:comp/env/spring.profiles.default] not found - trying original name [spring.profiles.default]. javax.naming.NameNotFoundException: Name [spring.profiles.default]은(는) 이 컨텍스트에 바인딩되지 않았습니다. [spring.profiles.default]을(를) 찾을 수 없습니다.
[02:38:21][DEBUG](JndiTemplate.java:150)-Looking up JNDI object with name [spring.profiles.default]
[02:38:21][DEBUG](JndiPropertySource.java:90)-JNDI lookup for name [spring.profiles.default] threw NamingException with message: Name [spring.profiles.default]은(는) 이 컨텍스트에 바인딩되지 않았습니다. [spring.profiles.default]을(를) 찾을 수 없습니다.. Returning null.
[02:38:21][INFO ](AbstractApplicationContext.java:510)-Refreshing WebApplicationContext for namespace 'appServlet-servlet': startup date [Thu Jul 14 02:38:21 KST 2022]; parent: Root WebApplicationContext
[02:38:21][INFO ](XmlBeanDefinitionReader.java:317)-Loading XML bean definitions from ServletContext resource [/WEB-INF/spring/appServlet/servlet-context.xml]
[02:38:22][INFO ](AutowiredAnnotationBeanPostProcessor.java:153)-JSR-330 'javax.inject.Inject' annotation found and supported for autowiring
[02:38:22][DEBUG](UiApplicationContextUtils.java:85)-Unable to locate ThemeSource with name 'themeSource': using default [org.springframework.ui.context.support.DelegatingThemeSource@50f71f48]
[02:38:22][DEBUG](ReflectiveAspectJAdvisorFactory.java:221)-Found AspectJ method: public java.lang.Object kr.co.tiles.common.log.LoggingAdvice.timeLog(org.aspectj.lang.ProceedingJoinPoint) throws java.lang.Throwable
[02:38:22][INFO ](AbstractHandlerMethodMapping.java:220)-Mapped "{[/],methods=[GET],params=[],headers=[],consumes=[],produces=[],custom=[]}" onto public java.lang.String kr.co.tiles.HomeController.home(java.util.Locale,org.springframework.ui.Model)
[02:38:22][INFO ](AbstractHandlerMethodMapping.java:220)-Mapped "{[/main.do],methods=[GET],params=[],headers=[],consumes=[],produces=[],custom=[]}" onto public java.lang.String kr.co.tiles.HomeController.tiles(java.util.Locale,org.springframework.ui.Model)
[02:38:23][INFO ](AbstractHandlerMethodMapping.java:220)-Mapped "{[/member/*Form.do],methods=[GET],params=[],headers=[],consumes=[],produces=[],custom=[]}" onto public org.springframework.web.servlet.ModelAndView kr.co.tiles.member.controller.MemberControllerImpl.form(java.lang.String,javax.servlet.http.HttpServletRequest,javax.servlet.http.HttpServletResponse) throws java.lang.Exception
[02:38:23][INFO ](AbstractHandlerMethodMapping.java:220)-Mapped "{[/member/addMember.do],methods=[POST],params=[],headers=[],consumes=[],produces=[],custom=[]}" onto public org.springframework.web.servlet.ModelAndView kr.co.tiles.member.controller.MemberControllerImpl.addMember(kr.co.tiles.member.dto.MemberDTO,javax.servlet.http.HttpServletRequest,javax.servlet.http.HttpServletResponse) throws java.lang.Exception
[02:38:23][INFO ](AbstractHandlerMethodMapping.java:220)-Mapped "{[/member/removeMember.do],methods=[GET],params=[],headers=[],consumes=[],produces=[],custom=[]}" onto public org.springframework.web.servlet.ModelAndView kr.co.tiles.member.controller.MemberControllerImpl.removeMember(java.lang.String,javax.servlet.http.HttpServletRequest,javax.servlet.http.HttpServletResponse) throws java.lang.Exception
[02:38:23][INFO ](AbstractHandlerMethodMapping.java:220)-Mapped "{[/member/listMembers.do],methods=[GET],params=[],headers=[],consumes=[],produces=[],custom=[]}" onto public org.springframework.web.servlet.ModelAndView kr.co.tiles.member.controller.MemberControllerImpl.listMembers(javax.servlet.http.HttpServletRequest,javax.servlet.http.HttpServletResponse) throws java.lang.Exception
[02:38:23][INFO ](AbstractHandlerMethodMapping.java:220)-Mapped "{[/member/login.do],methods=[POST],params=[],headers=[],consumes=[],produces=[],custom=[]}" onto public org.springframework.web.servlet.ModelAndView kr.co.tiles.member.controller.MemberControllerImpl.login(kr.co.tiles.member.dto.MemberDTO,org.springframework.web.servlet.mvc.support.RedirectAttributes,javax.servlet.http.HttpServletRequest,javax.servlet.http.HttpServletResponse)
[02:38:23][INFO ](AbstractHandlerMethodMapping.java:220)-Mapped "{[/member/logout.do],methods=[GET],params=[],headers=[],consumes=[],produces=[],custom=[]}" onto public org.springframework.web.servlet.ModelAndView kr.co.tiles.member.controller.MemberControllerImpl.logout(javax.servlet.http.HttpServletRequest,javax.servlet.http.HttpServletResponse) throws java.lang.Exception
[02:38:23][INFO ](RequestMappingHandlerAdapter.java:523)-Looking for @ControllerAdvice: WebApplicationContext for namespace 'appServlet-servlet': startup date [Thu Jul 14 02:38:21 KST 2022]; parent: Root WebApplicationContext
[02:38:23][INFO ](RequestMappingHandlerAdapter.java:523)-Looking for @ControllerAdvice: WebApplicationContext for namespace 'appServlet-servlet': startup date [Thu Jul 14 02:38:21 KST 2022]; parent: Root WebApplicationContext
[02:38:23][INFO ](AbstractUrlHandlerMapping.java:315)-Mapped URL path [/resources/**] onto handler 'org.springframework.web.servlet.resource.ResourceHttpRequestHandler#0'
[02:38:23][DEBUG](Digester.java:2011)-register('-//Apache Software Foundation//DTD Tiles Configuration 2.0//EN', 'jar:file:/C:/workspace-spring/.metadata/.plugins/org.eclipse.wst.server.core/tmp0/wtpwebapps/ezen09_Log4j_Tiles%20(4)%20(1)/WEB-INF/lib/tiles-core-2.2.2.jar!/org/apache/tiles/resources/tiles-config_2_0.dtd'
[02:38:23][DEBUG](Digester.java:2011)-register('-//Apache Software Foundation//DTD Tiles Configuration 2.1//EN', 'jar:file:/C:/workspace-spring/.metadata/.plugins/org.eclipse.wst.server.core/tmp0/wtpwebapps/ezen09_Log4j_Tiles%20(4)%20(1)/WEB-INF/lib/tiles-core-2.2.2.jar!/org/apache/tiles/resources/tiles-config_2_1.dtd'
[02:38:23][INFO ](TilesAccess.java:113)-Publishing TilesContext for context: org.springframework.web.servlet.view.tiles2.SpringWildcardServletTilesApplicationContext
[02:38:23][DEBUG](MultiActionController.java:316)-Found action method [public org.springframework.web.servlet.ModelAndView kr.co.tiles.member.controller.MemberControllerImpl.listMembers(javax.servlet.http.HttpServletRequest,javax.servlet.http.HttpServletResponse) throws java.lang.Exception]
[02:38:23][DEBUG](MultiActionController.java:316)-Found action method [public org.springframework.web.servlet.ModelAndView kr.co.tiles.member.controller.MemberControllerImpl.logout(javax.servlet.http.HttpServletRequest,javax.servlet.http.HttpServletResponse) throws java.lang.Exception]
[02:38:23][DEBUG](AbstractAutoProxyCreator.java:503)-Creating implicit proxy for bean 'memberDAO' with 0 common interceptors and 2 specific interceptors
[02:38:23][DEBUG](JdkDynamicAopProxy.java:117)-Creating JDK dynamic proxy: target source is SingletonTargetSource for target object [kr.co.tiles.member.dao.MemberDAOImpl@2cad213d]
[02:38:23][DEBUG](AbstractAutoProxyCreator.java:503)-Creating implicit proxy for bean 'memberService' with 0 common interceptors and 2 specific interceptors
[02:38:23][DEBUG](JdkDynamicAopProxy.java:117)-Creating JDK dynamic proxy: target source is SingletonTargetSource for target object [kr.co.tiles.member.service.MemberServiceImpl@4dc1f629]
[02:38:23][DEBUG](JndiTemplate.java:150)-Looking up JNDI object with name [java:comp/env/spring.liveBeansView.mbeanDomain]
[02:38:23][DEBUG](JndiLocatorSupport.java:101)-Converted JNDI name [java:comp/env/spring.liveBeansView.mbeanDomain] not found - trying original name [spring.liveBeansView.mbeanDomain]. javax.naming.NameNotFoundException: Name [spring.liveBeansView.mbeanDomain]은(는) 이 컨텍스트에 바인딩되지 않았습니다. [spring.liveBeansView.mbeanDomain]을(를) 찾을 수 없습니다.
[02:38:23][DEBUG](JndiTemplate.java:150)-Looking up JNDI object with name [spring.liveBeansView.mbeanDomain]
[02:38:23][DEBUG](JndiPropertySource.java:90)-JNDI lookup for name [spring.liveBeansView.mbeanDomain] threw NamingException with message: Name [spring.liveBeansView.mbeanDomain]은(는) 이 컨텍스트에 바인딩되지 않았습니다. [spring.liveBeansView.mbeanDomain]을(를) 찾을 수 없습니다.. Returning null.
[02:38:23][INFO ](FrameworkServlet.java:503)-FrameworkServlet 'appServlet': initialization completed in 1979 ms
[06:16:59][INFO ](ContextLoader.java:285)-Root WebApplicationContext: initialization started
[06:16:59][INFO ](AbstractApplicationContext.java:510)-Refreshing Root WebApplicationContext: startup date [Thu Jul 14 06:16:59 KST 2022]; root of context hierarchy
[06:16:59][INFO ](XmlBeanDefinitionReader.java:317)-Loading XML bean definitions from ServletContext resource [/WEB-INF/spring/action-mybatis.xml]
[06:16:59][INFO ](XmlBeanDefinitionReader.java:317)-Loading XML bean definitions from ServletContext resource [/WEB-INF/spring/message-context.xml]
[06:16:59][INFO ](XmlBeanDefinitionReader.java:317)-Loading XML bean definitions from ServletContext resource [/WEB-INF/spring/root-context.xml]
[06:16:59][INFO ](PropertiesLoaderSupport.java:172)-Loading properties file from ServletContext resource [/WEB-INF/config/jdbc/jdbc.properties]
[06:17:00][DEBUG](UiApplicationContextUtils.java:85)-Unable to locate ThemeSource with name 'themeSource': using default [org.springframework.ui.context.support.ResourceBundleThemeSource@14df8bee]
[06:17:00][DEBUG](LogFactory.java:109)-Logging initialized using 'class org.apache.ibatis.logging.slf4j.Slf4jImpl' adapter.
[06:17:00][DEBUG](PooledDataSource.java:363)-PooledDataSource forcefully closed/removed all connections.
[06:17:00][DEBUG](PooledDataSource.java:363)-PooledDataSource forcefully closed/removed all connections.
[06:17:00][DEBUG](PooledDataSource.java:363)-PooledDataSource forcefully closed/removed all connections.
[06:17:00][DEBUG](PooledDataSource.java:363)-PooledDataSource forcefully closed/removed all connections.
[06:17:00][DEBUG](Logger.java:49)-Parsed configuration file: 'class path resource [mybatis/model/modelConfig.xml]'
[06:17:00][DEBUG](Logger.java:49)-Parsed mapper file: 'file [C:\workspace-spring\.metadata\.plugins\org.eclipse.wst.server.core\tmp0\wtpwebapps\ezen09_Log4j_Tiles (4) (1)\WEB-INF\classes\mybatis\mappers\member.xml]'
[06:17:00][DEBUG](JndiTemplate.java:150)-Looking up JNDI object with name [java:comp/env/spring.liveBeansView.mbeanDomain]
[06:17:00][DEBUG](JndiLocatorSupport.java:101)-Converted JNDI name [java:comp/env/spring.liveBeansView.mbeanDomain] not found - trying original name [spring.liveBeansView.mbeanDomain]. javax.naming.NameNotFoundException: Name [spring.liveBeansView.mbeanDomain]은(는) 이 컨텍스트에 바인딩되지 않았습니다. [spring.liveBeansView.mbeanDomain]을(를) 찾을 수 없습니다.
[06:17:00][DEBUG](JndiTemplate.java:150)-Looking up JNDI object with name [spring.liveBeansView.mbeanDomain]
[06:17:00][DEBUG](JndiPropertySource.java:90)-JNDI lookup for name [spring.liveBeansView.mbeanDomain] threw NamingException with message: Name [spring.liveBeansView.mbeanDomain]은(는) 이 컨텍스트에 바인딩되지 않았습니다. [spring.liveBeansView.mbeanDomain]을(를) 찾을 수 없습니다.. Returning null.
[06:17:00][INFO ](ContextLoader.java:325)-Root WebApplicationContext: initialization completed in 1341 ms
[06:17:00][INFO ](FrameworkServlet.java:484)-FrameworkServlet 'appServlet': initialization started
[06:17:00][DEBUG](JndiTemplate.java:150)-Looking up JNDI object with name [java:comp/env/spring.profiles.active]
[06:17:00][DEBUG](JndiLocatorSupport.java:101)-Converted JNDI name [java:comp/env/spring.profiles.active] not found - trying original name [spring.profiles.active]. javax.naming.NameNotFoundException: Name [spring.profiles.active]은(는) 이 컨텍스트에 바인딩되지 않았습니다. [spring.profiles.active]을(를) 찾을 수 없습니다.
[06:17:00][DEBUG](JndiTemplate.java:150)-Looking up JNDI object with name [spring.profiles.active]
[06:17:00][DEBUG](JndiPropertySource.java:90)-JNDI lookup for name [spring.profiles.active] threw NamingException with message: Name [spring.profiles.active]은(는) 이 컨텍스트에 바인딩되지 않았습니다. [spring.profiles.active]을(를) 찾을 수 없습니다.. Returning null.
[06:17:00][DEBUG](JndiTemplate.java:150)-Looking up JNDI object with name [java:comp/env/spring.profiles.default]
[06:17:00][DEBUG](JndiLocatorSupport.java:101)-Converted JNDI name [java:comp/env/spring.profiles.default] not found - trying original name [spring.profiles.default]. javax.naming.NameNotFoundException: Name [spring.profiles.default]은(는) 이 컨텍스트에 바인딩되지 않았습니다. [spring.profiles.default]을(를) 찾을 수 없습니다.
[06:17:00][DEBUG](JndiTemplate.java:150)-Looking up JNDI object with name [spring.profiles.default]
[06:17:00][DEBUG](JndiPropertySource.java:90)-JNDI lookup for name [spring.profiles.default] threw NamingException with message: Name [spring.profiles.default]은(는) 이 컨텍스트에 바인딩되지 않았습니다. [spring.profiles.default]을(를) 찾을 수 없습니다.. Returning null.
[06:17:00][DEBUG](JndiTemplate.java:150)-Looking up JNDI object with name [java:comp/env/spring.profiles.default]
[06:17:00][DEBUG](JndiLocatorSupport.java:101)-Converted JNDI name [java:comp/env/spring.profiles.default] not found - trying original name [spring.profiles.default]. javax.naming.NameNotFoundException: Name [spring.profiles.default]은(는) 이 컨텍스트에 바인딩되지 않았습니다. [spring.profiles.default]을(를) 찾을 수 없습니다.
[06:17:00][DEBUG](JndiTemplate.java:150)-Looking up JNDI object with name [spring.profiles.default]
[06:17:00][DEBUG](JndiPropertySource.java:90)-JNDI lookup for name [spring.profiles.default] threw NamingException with message: Name [spring.profiles.default]은(는) 이 컨텍스트에 바인딩되지 않았습니다. [spring.profiles.default]을(를) 찾을 수 없습니다.. Returning null.
[06:17:00][INFO ](AbstractApplicationContext.java:510)-Refreshing WebApplicationContext for namespace 'appServlet-servlet': startup date [Thu Jul 14 06:17:00 KST 2022]; parent: Root WebApplicationContext
[06:17:00][INFO ](XmlBeanDefinitionReader.java:317)-Loading XML bean definitions from ServletContext resource [/WEB-INF/spring/appServlet/servlet-context.xml]
[06:17:01][INFO ](AutowiredAnnotationBeanPostProcessor.java:153)-JSR-330 'javax.inject.Inject' annotation found and supported for autowiring
[06:17:01][DEBUG](UiApplicationContextUtils.java:85)-Unable to locate ThemeSource with name 'themeSource': using default [org.springframework.ui.context.support.DelegatingThemeSource@f9769ae]
[06:17:01][DEBUG](ReflectiveAspectJAdvisorFactory.java:221)-Found AspectJ method: public java.lang.Object kr.co.tiles.common.log.LoggingAdvice.timeLog(org.aspectj.lang.ProceedingJoinPoint) throws java.lang.Throwable
[06:17:01][INFO ](AbstractHandlerMethodMapping.java:220)-Mapped "{[/],methods=[GET],params=[],headers=[],consumes=[],produces=[],custom=[]}" onto public java.lang.String kr.co.tiles.HomeController.home(java.util.Locale,org.springframework.ui.Model)
[06:17:01][INFO ](AbstractHandlerMethodMapping.java:220)-Mapped "{[/main.do],methods=[GET],params=[],headers=[],consumes=[],produces=[],custom=[]}" onto public java.lang.String kr.co.tiles.HomeController.tiles(java.util.Locale,org.springframework.ui.Model)
[06:17:01][INFO ](AbstractHandlerMethodMapping.java:220)-Mapped "{[/member/*Form.do],methods=[GET],params=[],headers=[],consumes=[],produces=[],custom=[]}" onto public org.springframework.web.servlet.ModelAndView kr.co.tiles.member.controller.MemberControllerImpl.form(java.lang.String,javax.servlet.http.HttpServletRequest,javax.servlet.http.HttpServletResponse) throws java.lang.Exception
[06:17:01][INFO ](AbstractHandlerMethodMapping.java:220)-Mapped "{[/member/logout.do],methods=[GET],params=[],headers=[],consumes=[],produces=[],custom=[]}" onto public org.springframework.web.servlet.ModelAndView kr.co.tiles.member.controller.MemberControllerImpl.logout(javax.servlet.http.HttpServletRequest,javax.servlet.http.HttpServletResponse) throws java.lang.Exception
[06:17:01][INFO ](AbstractHandlerMethodMapping.java:220)-Mapped "{[/member/login.do],methods=[POST],params=[],headers=[],consumes=[],produces=[],custom=[]}" onto public org.springframework.web.servlet.ModelAndView kr.co.tiles.member.controller.MemberControllerImpl.login(kr.co.tiles.member.dto.MemberDTO,org.springframework.web.servlet.mvc.support.RedirectAttributes,javax.servlet.http.HttpServletRequest,javax.servlet.http.HttpServletResponse)
[06:17:01][INFO ](AbstractHandlerMethodMapping.java:220)-Mapped "{[/member/addMember.do],methods=[POST],params=[],headers=[],consumes=[],produces=[],custom=[]}" onto public org.springframework.web.servlet.ModelAndView kr.co.tiles.member.controller.MemberControllerImpl.addMember(kr.co.tiles.member.dto.MemberDTO,javax.servlet.http.HttpServletRequest,javax.servlet.http.HttpServletResponse) throws java.lang.Exception
[06:17:01][INFO ](AbstractHandlerMethodMapping.java:220)-Mapped "{[/member/listMembers.do],methods=[GET],params=[],headers=[],consumes=[],produces=[],custom=[]}" onto public org.springframework.web.servlet.ModelAndView kr.co.tiles.member.controller.MemberControllerImpl.listMembers(javax.servlet.http.HttpServletRequest,javax.servlet.http.HttpServletResponse) throws java.lang.Exception
[06:17:01][INFO ](AbstractHandlerMethodMapping.java:220)-Mapped "{[/member/removeMember.do],methods=[GET],params=[],headers=[],consumes=[],produces=[],custom=[]}" onto public org.springframework.web.servlet.ModelAndView kr.co.tiles.member.controller.MemberControllerImpl.removeMember(java.lang.String,javax.servlet.http.HttpServletRequest,javax.servlet.http.HttpServletResponse) throws java.lang.Exception
[06:17:01][INFO ](RequestMappingHandlerAdapter.java:523)-Looking for @ControllerAdvice: WebApplicationContext for namespace 'appServlet-servlet': startup date [Thu Jul 14 06:17:00 KST 2022]; parent: Root WebApplicationContext
[06:17:01][INFO ](RequestMappingHandlerAdapter.java:523)-Looking for @ControllerAdvice: WebApplicationContext for namespace 'appServlet-servlet': startup date [Thu Jul 14 06:17:00 KST 2022]; parent: Root WebApplicationContext
[06:17:02][INFO ](AbstractUrlHandlerMapping.java:315)-Mapped URL path [/resources/**] onto handler 'org.springframework.web.servlet.resource.ResourceHttpRequestHandler#0'
[06:17:02][DEBUG](Digester.java:2011)-register('-//Apache Software Foundation//DTD Tiles Configuration 2.0//EN', 'jar:file:/C:/workspace-spring/.metadata/.plugins/org.eclipse.wst.server.core/tmp0/wtpwebapps/ezen09_Log4j_Tiles%20(4)%20(1)/WEB-INF/lib/tiles-core-2.2.2.jar!/org/apache/tiles/resources/tiles-config_2_0.dtd'
[06:17:02][DEBUG](Digester.java:2011)-register('-//Apache Software Foundation//DTD Tiles Configuration 2.1//EN', 'jar:file:/C:/workspace-spring/.metadata/.plugins/org.eclipse.wst.server.core/tmp0/wtpwebapps/ezen09_Log4j_Tiles%20(4)%20(1)/WEB-INF/lib/tiles-core-2.2.2.jar!/org/apache/tiles/resources/tiles-config_2_1.dtd'
[06:17:02][INFO ](TilesAccess.java:113)-Publishing TilesContext for context: org.springframework.web.servlet.view.tiles2.SpringWildcardServletTilesApplicationContext
[06:17:02][DEBUG](MultiActionController.java:316)-Found action method [public org.springframework.web.servlet.ModelAndView kr.co.tiles.member.controller.MemberControllerImpl.logout(javax.servlet.http.HttpServletRequest,javax.servlet.http.HttpServletResponse) throws java.lang.Exception]
[06:17:02][DEBUG](MultiActionController.java:316)-Found action method [public org.springframework.web.servlet.ModelAndView kr.co.tiles.member.controller.MemberControllerImpl.listMembers(javax.servlet.http.HttpServletRequest,javax.servlet.http.HttpServletResponse) throws java.lang.Exception]
[06:17:02][DEBUG](AbstractAutoProxyCreator.java:503)-Creating implicit proxy for bean 'memberDAO' with 0 common interceptors and 2 specific interceptors
[06:17:02][DEBUG](JdkDynamicAopProxy.java:117)-Creating JDK dynamic proxy: target source is SingletonTargetSource for target object [kr.co.tiles.member.dao.MemberDAOImpl@7b84d8ef]
[06:17:02][DEBUG](AbstractAutoProxyCreator.java:503)-Creating implicit proxy for bean 'memberService' with 0 common interceptors and 2 specific interceptors
[06:17:02][DEBUG](JdkDynamicAopProxy.java:117)-Creating JDK dynamic proxy: target source is SingletonTargetSource for target object [kr.co.tiles.member.service.MemberServiceImpl@5ec80aad]
[06:17:02][DEBUG](JndiTemplate.java:150)-Looking up JNDI object with name [java:comp/env/spring.liveBeansView.mbeanDomain]
[06:17:02][DEBUG](JndiLocatorSupport.java:101)-Converted JNDI name [java:comp/env/spring.liveBeansView.mbeanDomain] not found - trying original name [spring.liveBeansView.mbeanDomain]. javax.naming.NameNotFoundException: Name [spring.liveBeansView.mbeanDomain]은(는) 이 컨텍스트에 바인딩되지 않았습니다. [spring.liveBeansView.mbeanDomain]을(를) 찾을 수 없습니다.
[06:17:02][DEBUG](JndiTemplate.java:150)-Looking up JNDI object with name [spring.liveBeansView.mbeanDomain]
[06:17:02][DEBUG](JndiPropertySource.java:90)-JNDI lookup for name [spring.liveBeansView.mbeanDomain] threw NamingException with message: Name [spring.liveBeansView.mbeanDomain]은(는) 이 컨텍스트에 바인딩되지 않았습니다. [spring.liveBeansView.mbeanDomain]을(를) 찾을 수 없습니다.. Returning null.
[06:17:02][INFO ](FrameworkServlet.java:503)-FrameworkServlet 'appServlet': initialization completed in 1684 ms
